2026-05-28 12:59:16,130 - __main__ - INFO - 
================ STARTING PIPELINE ================
2026-05-28 12:59:17,061 - functions - INFO - 
================ RUNNING OPTUNA SWEEP ================
2026-05-28 12:59:17,061 - functions - INFO - Varying parameters for folder naming: ['hid_size', 'emb_size', 'emb_dropout', 'out_dropout', 'lr']
2026-05-28 12:59:17,061 - functions - INFO - Large search space detected (5625 max combinations). Using Smart TPE Search for 20 trials.
2026-05-28 12:59:17,062 - functions - INFO - 
Searching for 20 unique hyperparameter combinations...
2026-05-28 12:59:17,074 - functions - INFO - 
--- Trial 0 ---
2026-05-28 12:59:17,074 - functions - INFO - Testing params for Variational Dropout: {'n_epochs': 100, 'patience_value': 5, 'hid_size': 300, 'emb_size': 350, 'emb_dropout': 0.3, 'out_dropout': 0.2, 'optimizer': 'SGD', 'lr': 5.0, 'clip': 5.0, 'train_batch_size': 64, 'eval_batch_size': 128}
2026-05-28 13:01:10,038 - functions - INFO - Early stopping triggered.
2026-05-28 13:01:10,557 - functions - INFO - [Final Test PPL: 28279475946173215005075453289229713408.0000]
2026-05-28 13:01:10,557 - functions - INFO - Losses and parameters saved to /home/disi/NLU-RS-Project/LM/part_B/results/part1b2/sweep_2026-05-28_12-59-16/hid_size=300_emb_size=350_emb_dropout=0.3_out_dropout=0.2_lr=5.0/losses.json
2026-05-28 13:01:10,732 - functions - INFO - Loss plot successfully generated and saved to /home/disi/NLU-RS-Project/LM/part_B/results/part1b2/sweep_2026-05-28_12-59-16/hid_size=300_emb_size=350_emb_dropout=0.3_out_dropout=0.2_lr=5.0/loss_plot.png
2026-05-28 13:01:10,732 - functions - INFO - 
New best model found! Saving files to /home/disi/NLU-RS-Project/LM/part_B/results/part1b2/sweep_2026-05-28_12-59-16/best_model...
2026-05-28 13:01:10,757 - functions - INFO - Model saved to /home/disi/NLU-RS-Project/LM/part_B/results/part1b2/sweep_2026-05-28_12-59-16/best_model/model.pt
2026-05-28 13:01:10,758 - functions - INFO - Losses and parameters saved to /home/disi/NLU-RS-Project/LM/part_B/results/part1b2/sweep_2026-05-28_12-59-16/best_model/losses.json
2026-05-28 13:01:10,923 - functions - INFO - Loss plot successfully generated and saved to /home/disi/NLU-RS-Project/LM/part_B/results/part1b2/sweep_2026-05-28_12-59-16/best_model/loss_plot.png
2026-05-28 13:01:10,923 - functions - INFO - [Memory before cleanup] Allocated: 69.25 MB, Reserved: 12616.00 MB
2026-05-28 13:01:11,182 - functions - INFO - [Memory after cleanup] Allocated: 34.10 MB, Reserved: 56.00 MB
2026-05-28 13:01:11,182 - functions - INFO - --------------------------------------------------
2026-05-28 13:01:11,189 - functions - INFO - 
--- Trial 1 ---
2026-05-28 13:01:11,189 - functions - INFO - Testing params for Variational Dropout: {'n_epochs': 100, 'patience_value': 5, 'hid_size': 300, 'emb_size': 500, 'emb_dropout': 0.4, 'out_dropout': 0.2, 'optimizer': 'SGD', 'lr': 1.0, 'clip': 5.0, 'train_batch_size': 64, 'eval_batch_size': 128}
2026-05-28 13:11:07,636 - functions - INFO - Early stopping triggered.
2026-05-28 13:11:08,210 - functions - INFO - [Final Test PPL: 105.0967]
2026-05-28 13:11:08,211 - functions - INFO - Losses and parameters saved to /home/disi/NLU-RS-Project/LM/part_B/results/part1b2/sweep_2026-05-28_12-59-16/hid_size=300_emb_size=500_emb_dropout=0.4_out_dropout=0.2_lr=1.0/losses.json
2026-05-28 13:11:08,374 - functions - INFO - Loss plot successfully generated and saved to /home/disi/NLU-RS-Project/LM/part_B/results/part1b2/sweep_2026-05-28_12-59-16/hid_size=300_emb_size=500_emb_dropout=0.4_out_dropout=0.2_lr=1.0/loss_plot.png
2026-05-28 13:11:08,375 - functions - INFO - 
New best model found! Saving files to /home/disi/NLU-RS-Project/LM/part_B/results/part1b2/sweep_2026-05-28_12-59-16/best_model...
2026-05-28 13:11:08,501 - functions - INFO - Model saved to /home/disi/NLU-RS-Project/LM/part_B/results/part1b2/sweep_2026-05-28_12-59-16/best_model/model.pt
2026-05-28 13:11:08,502 - functions - INFO - Losses and parameters saved to /home/disi/NLU-RS-Project/LM/part_B/results/part1b2/sweep_2026-05-28_12-59-16/best_model/losses.json
2026-05-28 13:11:08,665 - functions - INFO - Loss plot successfully generated and saved to /home/disi/NLU-RS-Project/LM/part_B/results/part1b2/sweep_2026-05-28_12-59-16/best_model/loss_plot.png
2026-05-28 13:11:08,666 - functions - INFO - [Memory before cleanup] Allocated: 87.25 MB, Reserved: 9324.00 MB
2026-05-28 13:11:08,949 - functions - INFO - [Memory after cleanup] Allocated: 39.61 MB, Reserved: 150.00 MB
2026-05-28 13:11:08,949 - functions - INFO - --------------------------------------------------
2026-05-28 13:11:08,956 - functions - INFO - 
--- Trial 2 ---
2026-05-28 13:11:08,956 - functions - INFO - Testing params for Variational Dropout: {'n_epochs': 100, 'patience_value': 5, 'hid_size': 250, 'emb_size': 300, 'emb_dropout': 0.4, 'out_dropout': 0.1, 'optimizer': 'SGD', 'lr': 2.0, 'clip': 5.0, 'train_batch_size': 64, 'eval_batch_size': 128}
2026-05-28 13:17:00,203 - functions - INFO - Early stopping triggered.
2026-05-28 13:17:00,691 - functions - INFO - [Final Test PPL: 105.4252]
2026-05-28 13:17:00,691 - functions - INFO - Losses and parameters saved to /home/disi/NLU-RS-Project/LM/part_B/results/part1b2/sweep_2026-05-28_12-59-16/hid_size=250_emb_size=300_emb_dropout=0.4_out_dropout=0.1_lr=2.0/losses.json
2026-05-28 13:17:00,859 - functions - INFO - Loss plot successfully generated and saved to /home/disi/NLU-RS-Project/LM/part_B/results/part1b2/sweep_2026-05-28_12-59-16/hid_size=250_emb_size=300_emb_dropout=0.4_out_dropout=0.1_lr=2.0/loss_plot.png
2026-05-28 13:17:00,860 - functions - INFO - [Memory before cleanup] Allocated: 57.88 MB, Reserved: 11654.00 MB
2026-05-28 13:17:01,095 - functions - INFO - [Memory after cleanup] Allocated: 30.13 MB, Reserved: 150.00 MB
2026-05-28 13:17:01,096 - functions - INFO - --------------------------------------------------
2026-05-28 13:17:01,102 - functions - INFO - 
--- Trial 3 ---
2026-05-28 13:17:01,102 - functions - INFO - Testing params for Variational Dropout: {'n_epochs': 100, 'patience_value': 5, 'hid_size': 300, 'emb_size': 400, 'emb_dropout': 0.1, 'out_dropout': 0.5, 'optimizer': 'SGD', 'lr': 0.1, 'clip': 5.0, 'train_batch_size': 64, 'eval_batch_size': 128}
2026-05-28 13:36:36,655 - functions - INFO - [Final Test PPL: 154.4798]
2026-05-28 13:36:36,656 - functions - INFO - Losses and parameters saved to /home/disi/NLU-RS-Project/LM/part_B/results/part1b2/sweep_2026-05-28_12-59-16/hid_size=300_emb_size=400_emb_dropout=0.1_out_dropout=0.5_lr=0.1/losses.json
2026-05-28 13:36:36,820 - functions - INFO - Loss plot successfully generated and saved to /home/disi/NLU-RS-Project/LM/part_B/results/part1b2/sweep_2026-05-28_12-59-16/hid_size=300_emb_size=400_emb_dropout=0.1_out_dropout=0.5_lr=0.1/loss_plot.png
2026-05-28 13:36:36,821 - functions - INFO - [Memory before cleanup] Allocated: 74.05 MB, Reserved: 8278.00 MB
2026-05-28 13:36:37,048 - functions - INFO - [Memory after cleanup] Allocated: 35.22 MB, Reserved: 150.00 MB
2026-05-28 13:36:37,048 - functions - INFO - --------------------------------------------------
2026-05-28 13:36:37,055 - functions - INFO - 
--- Trial 4 ---
2026-05-28 13:36:37,055 - functions - INFO - Testing params for Variational Dropout: {'n_epochs': 100, 'patience_value': 5, 'hid_size': 400, 'emb_size': 300, 'emb_dropout': 0.2, 'out_dropout': 0.3, 'optimizer': 'SGD', 'lr': 2.0, 'clip': 5.0, 'train_batch_size': 64, 'eval_batch_size': 128}
2026-05-28 13:42:51,411 - functions - INFO - Early stopping triggered.
2026-05-28 13:42:51,924 - functions - INFO - [Final Test PPL: 102.7142]
2026-05-28 13:42:51,925 - functions - INFO - Losses and parameters saved to /home/disi/NLU-RS-Project/LM/part_B/results/part1b2/sweep_2026-05-28_12-59-16/hid_size=400_emb_size=300_emb_dropout=0.2_out_dropout=0.3_lr=2.0/losses.json
2026-05-28 13:42:52,089 - functions - INFO - Loss plot successfully generated and saved to /home/disi/NLU-RS-Project/LM/part_B/results/part1b2/sweep_2026-05-28_12-59-16/hid_size=400_emb_size=300_emb_dropout=0.2_out_dropout=0.3_lr=2.0/loss_plot.png
2026-05-28 13:42:52,090 - functions - INFO - 
New best model found! Saving files to /home/disi/NLU-RS-Project/LM/part_B/results/part1b2/sweep_2026-05-28_12-59-16/best_model...
2026-05-28 13:42:52,191 - functions - INFO - Model saved to /home/disi/NLU-RS-Project/LM/part_B/results/part1b2/sweep_2026-05-28_12-59-16/best_model/model.pt
2026-05-28 13:42:52,192 - functions - INFO - Losses and parameters saved to /home/disi/NLU-RS-Project/LM/part_B/results/part1b2/sweep_2026-05-28_12-59-16/best_model/losses.json
2026-05-28 13:42:52,360 - functions - INFO - Loss plot successfully generated and saved to /home/disi/NLU-RS-Project/LM/part_B/results/part1b2/sweep_2026-05-28_12-59-16/best_model/loss_plot.png
2026-05-28 13:42:52,360 - functions - INFO - [Memory before cleanup] Allocated: 64.93 MB, Reserved: 9268.00 MB
2026-05-28 13:42:52,600 - functions - INFO - [Memory after cleanup] Allocated: 32.48 MB, Reserved: 150.00 MB
2026-05-28 13:42:52,600 - functions - INFO - --------------------------------------------------
2026-05-28 13:42:52,607 - functions - INFO - 
--- Trial 5 ---
2026-05-28 13:42:52,607 - functions - INFO - Testing params for Variational Dropout: {'n_epochs': 100, 'patience_value': 5, 'hid_size': 400, 'emb_size': 350, 'emb_dropout': 0.3, 'out_dropout': 0.3, 'optimizer': 'SGD', 'lr': 0.5, 'clip': 5.0, 'train_batch_size': 64, 'eval_batch_size': 128}
2026-05-28 13:56:07,383 - functions - INFO - Early stopping triggered.
2026-05-28 13:56:07,921 - functions - INFO - [Final Test PPL: 109.6732]
2026-05-28 13:56:07,922 - functions - INFO - Losses and parameters saved to /home/disi/NLU-RS-Project/LM/part_B/results/part1b2/sweep_2026-05-28_12-59-16/hid_size=400_emb_size=350_emb_dropout=0.3_out_dropout=0.3_lr=0.5/losses.json
2026-05-28 13:56:08,088 - functions - INFO - Loss plot successfully generated and saved to /home/disi/NLU-RS-Project/LM/part_B/results/part1b2/sweep_2026-05-28_12-59-16/hid_size=400_emb_size=350_emb_dropout=0.3_out_dropout=0.3_lr=0.5/loss_plot.png
2026-05-28 13:56:08,089 - functions - INFO - [Memory before cleanup] Allocated: 71.80 MB, Reserved: 9526.00 MB
2026-05-28 13:56:08,316 - functions - INFO - [Memory after cleanup] Allocated: 34.77 MB, Reserved: 152.00 MB
2026-05-28 13:56:08,316 - functions - INFO - --------------------------------------------------
2026-05-28 13:56:08,323 - functions - INFO - 
--- Trial 6 ---
2026-05-28 13:56:08,323 - functions - INFO - Testing params for Variational Dropout: {'n_epochs': 100, 'patience_value': 5, 'hid_size': 200, 'emb_size': 400, 'emb_dropout': 0.4, 'out_dropout': 0.5, 'optimizer': 'SGD', 'lr': 3.0, 'clip': 5.0, 'train_batch_size': 64, 'eval_batch_size': 128}
2026-05-28 14:05:15,887 - functions - INFO - Early stopping triggered.
2026-05-28 14:05:16,394 - functions - INFO - [Final Test PPL: 100.9929]
2026-05-28 14:05:16,395 - functions - INFO - Losses and parameters saved to /home/disi/NLU-RS-Project/LM/part_B/results/part1b2/sweep_2026-05-28_12-59-16/hid_size=200_emb_size=400_emb_dropout=0.4_out_dropout=0.5_lr=3.0/losses.json
2026-05-28 14:05:16,547 - functions - INFO - Loss plot successfully generated and saved to /home/disi/NLU-RS-Project/LM/part_B/results/part1b2/sweep_2026-05-28_12-59-16/hid_size=200_emb_size=400_emb_dropout=0.4_out_dropout=0.5_lr=3.0/loss_plot.png
2026-05-28 14:05:16,548 - functions - INFO - 
New best model found! Saving files to /home/disi/NLU-RS-Project/LM/part_B/results/part1b2/sweep_2026-05-28_12-59-16/best_model...
2026-05-28 14:05:16,651 - functions - INFO - Model saved to /home/disi/NLU-RS-Project/LM/part_B/results/part1b2/sweep_2026-05-28_12-59-16/best_model/model.pt
2026-05-28 14:05:16,652 - functions - INFO - Losses and parameters saved to /home/disi/NLU-RS-Project/LM/part_B/results/part1b2/sweep_2026-05-28_12-59-16/best_model/losses.json
2026-05-28 14:05:16,805 - functions - INFO - Loss plot successfully generated and saved to /home/disi/NLU-RS-Project/LM/part_B/results/part1b2/sweep_2026-05-28_12-59-16/best_model/loss_plot.png
2026-05-28 14:05:16,806 - functions - INFO - [Memory before cleanup] Allocated: 68.58 MB, Reserved: 9950.00 MB
2026-05-28 14:05:17,039 - functions - INFO - [Memory after cleanup] Allocated: 33.69 MB, Reserved: 152.00 MB
2026-05-28 14:05:17,039 - functions - INFO - --------------------------------------------------
2026-05-28 14:05:17,046 - functions - INFO - 
--- Trial 7 ---
2026-05-28 14:05:17,046 - functions - INFO - Testing params for Variational Dropout: {'n_epochs': 100, 'patience_value': 5, 'hid_size': 200, 'emb_size': 400, 'emb_dropout': 0.3, 'out_dropout': 0.1, 'optimizer': 'SGD', 'lr': 2.0, 'clip': 5.0, 'train_batch_size': 64, 'eval_batch_size': 128}
2026-05-28 14:10:51,912 - functions - INFO - Early stopping triggered.
2026-05-28 14:10:52,427 - functions - INFO - [Final Test PPL: 107.0469]
2026-05-28 14:10:52,428 - functions - INFO - Losses and parameters saved to /home/disi/NLU-RS-Project/LM/part_B/results/part1b2/sweep_2026-05-28_12-59-16/hid_size=200_emb_size=400_emb_dropout=0.3_out_dropout=0.1_lr=2.0/losses.json
2026-05-28 14:10:52,588 - functions - INFO - Loss plot successfully generated and saved to /home/disi/NLU-RS-Project/LM/part_B/results/part1b2/sweep_2026-05-28_12-59-16/hid_size=200_emb_size=400_emb_dropout=0.3_out_dropout=0.1_lr=2.0/loss_plot.png
2026-05-28 14:10:52,589 - functions - INFO - [Memory before cleanup] Allocated: 69.47 MB, Reserved: 8422.00 MB
2026-05-28 14:10:52,814 - functions - INFO - [Memory after cleanup] Allocated: 33.69 MB, Reserved: 152.00 MB
2026-05-28 14:10:52,815 - functions - INFO - --------------------------------------------------
2026-05-28 14:10:52,821 - functions - INFO - 
--- Trial 8 ---
2026-05-28 14:10:52,821 - functions - INFO - Testing params for Variational Dropout: {'n_epochs': 100, 'patience_value': 5, 'hid_size': 200, 'emb_size': 350, 'emb_dropout': 0.1, 'out_dropout': 0.1, 'optimizer': 'SGD', 'lr': 2.0, 'clip': 5.0, 'train_batch_size': 64, 'eval_batch_size': 128}
2026-05-28 14:15:37,184 - functions - INFO - Early stopping triggered.
2026-05-28 14:15:37,678 - functions - INFO - [Final Test PPL: 111.7102]
2026-05-28 14:15:37,679 - functions - INFO - Losses and parameters saved to /home/disi/NLU-RS-Project/LM/part_B/results/part1b2/sweep_2026-05-28_12-59-16/hid_size=200_emb_size=350_emb_dropout=0.1_out_dropout=0.1_lr=2.0/losses.json
2026-05-28 14:15:37,837 - functions - INFO - Loss plot successfully generated and saved to /home/disi/NLU-RS-Project/LM/part_B/results/part1b2/sweep_2026-05-28_12-59-16/hid_size=200_emb_size=350_emb_dropout=0.1_out_dropout=0.1_lr=2.0/loss_plot.png
2026-05-28 14:15:37,838 - functions - INFO - [Memory before cleanup] Allocated: 62.28 MB, Reserved: 10158.00 MB
2026-05-28 14:15:38,073 - functions - INFO - [Memory after cleanup] Allocated: 31.59 MB, Reserved: 152.00 MB
2026-05-28 14:15:38,074 - functions - INFO - --------------------------------------------------
2026-05-28 14:15:38,081 - functions - INFO - 
--- Trial 9 ---
2026-05-28 14:15:38,081 - functions - INFO - Testing params for Variational Dropout: {'n_epochs': 100, 'patience_value': 5, 'hid_size': 200, 'emb_size': 400, 'emb_dropout': 0.2, 'out_dropout': 0.3, 'optimizer': 'SGD', 'lr': 0.5, 'clip': 5.0, 'train_batch_size': 64, 'eval_batch_size': 128}
2026-05-28 14:24:33,891 - functions - INFO - Early stopping triggered.
2026-05-28 14:24:34,404 - functions - INFO - [Final Test PPL: 120.9307]
2026-05-28 14:24:34,405 - functions - INFO - Losses and parameters saved to /home/disi/NLU-RS-Project/LM/part_B/results/part1b2/sweep_2026-05-28_12-59-16/hid_size=200_emb_size=400_emb_dropout=0.2_out_dropout=0.3_lr=0.5/losses.json
2026-05-28 14:24:34,563 - functions - INFO - Loss plot successfully generated and saved to /home/disi/NLU-RS-Project/LM/part_B/results/part1b2/sweep_2026-05-28_12-59-16/hid_size=200_emb_size=400_emb_dropout=0.2_out_dropout=0.3_lr=0.5/loss_plot.png
2026-05-28 14:24:34,564 - functions - INFO - [Memory before cleanup] Allocated: 68.58 MB, Reserved: 10190.00 MB
2026-05-28 14:24:34,797 - functions - INFO - [Memory after cleanup] Allocated: 33.69 MB, Reserved: 152.00 MB
2026-05-28 14:24:34,797 - functions - INFO - --------------------------------------------------
2026-05-28 14:24:34,808 - functions - INFO - 
--- Trial 10 ---
2026-05-28 14:24:34,808 - functions - INFO - Testing params for Variational Dropout: {'n_epochs': 100, 'patience_value': 5, 'hid_size': 350, 'emb_size': 450, 'emb_dropout': 0.5, 'out_dropout': 0.5, 'optimizer': 'SGD', 'lr': 3.0, 'clip': 5.0, 'train_batch_size': 64, 'eval_batch_size': 128}
2026-05-28 14:32:24,497 - functions - INFO - Early stopping triggered.
2026-05-28 14:32:25,063 - functions - INFO - [Final Test PPL: 99.7077]
2026-05-28 14:32:25,064 - functions - INFO - Losses and parameters saved to /home/disi/NLU-RS-Project/LM/part_B/results/part1b2/sweep_2026-05-28_12-59-16/hid_size=350_emb_size=450_emb_dropout=0.5_out_dropout=0.5_lr=3.0/losses.json
2026-05-28 14:32:25,225 - functions - INFO - Loss plot successfully generated and saved to /home/disi/NLU-RS-Project/LM/part_B/results/part1b2/sweep_2026-05-28_12-59-16/hid_size=350_emb_size=450_emb_dropout=0.5_out_dropout=0.5_lr=3.0/loss_plot.png
2026-05-28 14:32:25,226 - functions - INFO - 
New best model found! Saving files to /home/disi/NLU-RS-Project/LM/part_B/results/part1b2/sweep_2026-05-28_12-59-16/best_model...
2026-05-28 14:32:25,323 - functions - INFO - Model saved to /home/disi/NLU-RS-Project/LM/part_B/results/part1b2/sweep_2026-05-28_12-59-16/best_model/model.pt
2026-05-28 14:32:25,323 - functions - INFO - Losses and parameters saved to /home/disi/NLU-RS-Project/LM/part_B/results/part1b2/sweep_2026-05-28_12-59-16/best_model/losses.json
2026-05-28 14:32:25,484 - functions - INFO - Loss plot successfully generated and saved to /home/disi/NLU-RS-Project/LM/part_B/results/part1b2/sweep_2026-05-28_12-59-16/best_model/loss_plot.png
2026-05-28 14:32:25,485 - functions - INFO - [Memory before cleanup] Allocated: 82.53 MB, Reserved: 10486.00 MB
2026-05-28 14:32:25,725 - functions - INFO - [Memory after cleanup] Allocated: 38.34 MB, Reserved: 152.00 MB
2026-05-28 14:32:25,725 - functions - INFO - --------------------------------------------------
2026-05-28 14:32:25,732 - functions - INFO - 
--- Trial 11 ---
2026-05-28 14:32:25,732 - functions - INFO - Duplicate hyperparameters found: {'n_epochs': 100, 'patience_value': 5, 'hid_size': 350, 'emb_size': 450, 'emb_dropout': 0.5, 'out_dropout': 0.5, 'optimizer': 'SGD', 'lr': 3.0, 'clip': 5.0, 'train_batch_size': 64, 'eval_batch_size': 128}
2026-05-28 14:32:25,733 - functions - INFO - Rejecting this trial to force Optuna to explore new parameters
2026-05-28 14:32:25,738 - functions - INFO - 
--- Trial 12 ---
2026-05-28 14:32:25,738 - functions - INFO - Duplicate hyperparameters found: {'n_epochs': 100, 'patience_value': 5, 'hid_size': 350, 'emb_size': 450, 'emb_dropout': 0.5, 'out_dropout': 0.5, 'optimizer': 'SGD', 'lr': 3.0, 'clip': 5.0, 'train_batch_size': 64, 'eval_batch_size': 128}
2026-05-28 14:32:25,738 - functions - INFO - Rejecting this trial to force Optuna to explore new parameters
2026-05-28 14:32:25,749 - functions - INFO - 
--- Trial 13 ---
2026-05-28 14:32:25,749 - functions - INFO - Testing params for Variational Dropout: {'n_epochs': 100, 'patience_value': 5, 'hid_size': 350, 'emb_size': 450, 'emb_dropout': 0.5, 'out_dropout': 0.4, 'optimizer': 'SGD', 'lr': 3.0, 'clip': 5.0, 'train_batch_size': 64, 'eval_batch_size': 128}
2026-05-28 14:40:27,979 - functions - INFO - Early stopping triggered.
2026-05-28 14:40:28,544 - functions - INFO - [Final Test PPL: 98.7131]
2026-05-28 14:40:28,544 - functions - INFO - Losses and parameters saved to /home/disi/NLU-RS-Project/LM/part_B/results/part1b2/sweep_2026-05-28_12-59-16/hid_size=350_emb_size=450_emb_dropout=0.5_out_dropout=0.4_lr=3.0/losses.json
2026-05-28 14:40:28,704 - functions - INFO - Loss plot successfully generated and saved to /home/disi/NLU-RS-Project/LM/part_B/results/part1b2/sweep_2026-05-28_12-59-16/hid_size=350_emb_size=450_emb_dropout=0.5_out_dropout=0.4_lr=3.0/loss_plot.png
2026-05-28 14:40:28,705 - functions - INFO - 
New best model found! Saving files to /home/disi/NLU-RS-Project/LM/part_B/results/part1b2/sweep_2026-05-28_12-59-16/best_model...
2026-05-28 14:40:28,808 - functions - INFO - Model saved to /home/disi/NLU-RS-Project/LM/part_B/results/part1b2/sweep_2026-05-28_12-59-16/best_model/model.pt
2026-05-28 14:40:28,808 - functions - INFO - Losses and parameters saved to /home/disi/NLU-RS-Project/LM/part_B/results/part1b2/sweep_2026-05-28_12-59-16/best_model/losses.json
2026-05-28 14:40:28,969 - functions - INFO - Loss plot successfully generated and saved to /home/disi/NLU-RS-Project/LM/part_B/results/part1b2/sweep_2026-05-28_12-59-16/best_model/loss_plot.png
2026-05-28 14:40:28,970 - functions - INFO - [Memory before cleanup] Allocated: 82.53 MB, Reserved: 8902.00 MB
2026-05-28 14:40:29,213 - functions - INFO - [Memory after cleanup] Allocated: 38.34 MB, Reserved: 154.00 MB
2026-05-28 14:40:29,214 - functions - INFO - --------------------------------------------------
2026-05-28 14:40:29,225 - functions - INFO - 
--- Trial 14 ---
2026-05-28 14:40:29,225 - functions - INFO - Testing params for Variational Dropout: {'n_epochs': 100, 'patience_value': 5, 'hid_size': 350, 'emb_size': 450, 'emb_dropout': 0.5, 'out_dropout': 0.4, 'optimizer': 'SGD', 'lr': 0.01, 'clip': 5.0, 'train_batch_size': 64, 'eval_batch_size': 128}
2026-05-28 15:02:14,411 - functions - INFO - [Final Test PPL: 557.6679]
2026-05-28 15:02:14,412 - functions - INFO - Losses and parameters saved to /home/disi/NLU-RS-Project/LM/part_B/results/part1b2/sweep_2026-05-28_12-59-16/hid_size=350_emb_size=450_emb_dropout=0.5_out_dropout=0.4_lr=0.01/losses.json
2026-05-28 15:02:14,569 - functions - INFO - Loss plot successfully generated and saved to /home/disi/NLU-RS-Project/LM/part_B/results/part1b2/sweep_2026-05-28_12-59-16/hid_size=350_emb_size=450_emb_dropout=0.5_out_dropout=0.4_lr=0.01/loss_plot.png
2026-05-28 15:02:14,571 - functions - INFO - [Memory before cleanup] Allocated: 82.53 MB, Reserved: 10032.00 MB
2026-05-28 15:02:14,814 - functions - INFO - [Memory after cleanup] Allocated: 38.34 MB, Reserved: 152.00 MB
2026-05-28 15:02:14,814 - functions - INFO - --------------------------------------------------
2026-05-28 15:02:14,825 - functions - INFO - 
--- Trial 15 ---
2026-05-28 15:02:14,825 - functions - INFO - Testing params for Variational Dropout: {'n_epochs': 100, 'patience_value': 5, 'hid_size': 350, 'emb_size': 450, 'emb_dropout': 0.5, 'out_dropout': 0.4, 'optimizer': 'SGD', 'lr': 4.0, 'clip': 5.0, 'train_batch_size': 64, 'eval_batch_size': 128}
2026-05-28 15:03:33,739 - functions - INFO - Early stopping triggered.
2026-05-28 15:03:34,308 - functions - INFO - [Final Test PPL: 31770275890396693266432.0000]
2026-05-28 15:03:34,309 - functions - INFO - Losses and parameters saved to /home/disi/NLU-RS-Project/LM/part_B/results/part1b2/sweep_2026-05-28_12-59-16/hid_size=350_emb_size=450_emb_dropout=0.5_out_dropout=0.4_lr=4.0/losses.json
2026-05-28 15:03:34,481 - functions - INFO - Loss plot successfully generated and saved to /home/disi/NLU-RS-Project/LM/part_B/results/part1b2/sweep_2026-05-28_12-59-16/hid_size=350_emb_size=450_emb_dropout=0.5_out_dropout=0.4_lr=4.0/loss_plot.png
2026-05-28 15:03:34,483 - functions - INFO - [Memory before cleanup] Allocated: 83.23 MB, Reserved: 10978.00 MB
2026-05-28 15:03:34,730 - functions - INFO - [Memory after cleanup] Allocated: 39.04 MB, Reserved: 154.00 MB
2026-05-28 15:03:34,730 - functions - INFO - --------------------------------------------------
2026-05-28 15:03:34,741 - functions - INFO - 
--- Trial 16 ---
2026-05-28 15:03:34,742 - functions - INFO - Testing params for Variational Dropout: {'n_epochs': 100, 'patience_value': 5, 'hid_size': 350, 'emb_size': 450, 'emb_dropout': 0.5, 'out_dropout': 0.4, 'optimizer': 'SGD', 'lr': 0.05, 'clip': 5.0, 'train_batch_size': 64, 'eval_batch_size': 128}
2026-05-28 15:25:20,381 - functions - INFO - [Final Test PPL: 208.4507]
2026-05-28 15:25:20,381 - functions - INFO - Losses and parameters saved to /home/disi/NLU-RS-Project/LM/part_B/results/part1b2/sweep_2026-05-28_12-59-16/hid_size=350_emb_size=450_emb_dropout=0.5_out_dropout=0.4_lr=0.05/losses.json
2026-05-28 15:25:20,545 - functions - INFO - Loss plot successfully generated and saved to /home/disi/NLU-RS-Project/LM/part_B/results/part1b2/sweep_2026-05-28_12-59-16/hid_size=350_emb_size=450_emb_dropout=0.5_out_dropout=0.4_lr=0.05/loss_plot.png
2026-05-28 15:25:20,546 - functions - INFO - [Memory before cleanup] Allocated: 82.53 MB, Reserved: 10420.00 MB
2026-05-28 15:25:20,787 - functions - INFO - [Memory after cleanup] Allocated: 38.34 MB, Reserved: 152.00 MB
2026-05-28 15:25:20,788 - functions - INFO - --------------------------------------------------
2026-05-28 15:25:20,799 - functions - INFO - 
--- Trial 17 ---
2026-05-28 15:25:20,799 - functions - INFO - Testing params for Variational Dropout: {'n_epochs': 100, 'patience_value': 5, 'hid_size': 250, 'emb_size': 500, 'emb_dropout': 0.5, 'out_dropout': 0.4, 'optimizer': 'SGD', 'lr': 3.0, 'clip': 5.0, 'train_batch_size': 64, 'eval_batch_size': 128}
2026-05-28 15:32:29,101 - functions - INFO - Early stopping triggered.
2026-05-28 15:32:29,657 - functions - INFO - [Final Test PPL: 101.4801]
2026-05-28 15:32:29,657 - functions - INFO - Losses and parameters saved to /home/disi/NLU-RS-Project/LM/part_B/results/part1b2/sweep_2026-05-28_12-59-16/hid_size=250_emb_size=500_emb_dropout=0.5_out_dropout=0.4_lr=3.0/losses.json
2026-05-28 15:32:29,816 - functions - INFO - Loss plot successfully generated and saved to /home/disi/NLU-RS-Project/LM/part_B/results/part1b2/sweep_2026-05-28_12-59-16/hid_size=250_emb_size=500_emb_dropout=0.5_out_dropout=0.4_lr=3.0/loss_plot.png
2026-05-28 15:32:29,817 - functions - INFO - [Memory before cleanup] Allocated: 83.64 MB, Reserved: 9582.00 MB
2026-05-28 15:32:30,063 - functions - INFO - [Memory after cleanup] Allocated: 38.71 MB, Reserved: 152.00 MB
2026-05-28 15:32:30,063 - functions - INFO - --------------------------------------------------
2026-05-28 15:32:30,070 - functions - INFO - 
--- Trial 18 ---
2026-05-28 15:32:30,070 - functions - INFO - Duplicate hyperparameters found: {'n_epochs': 100, 'patience_value': 5, 'hid_size': 350, 'emb_size': 450, 'emb_dropout': 0.5, 'out_dropout': 0.5, 'optimizer': 'SGD', 'lr': 3.0, 'clip': 5.0, 'train_batch_size': 64, 'eval_batch_size': 128}
2026-05-28 15:32:30,070 - functions - INFO - Rejecting this trial to force Optuna to explore new parameters
2026-05-28 15:32:30,077 - functions - INFO - 
--- Trial 19 ---
2026-05-28 15:32:30,077 - functions - INFO - Duplicate hyperparameters found: {'n_epochs': 100, 'patience_value': 5, 'hid_size': 350, 'emb_size': 450, 'emb_dropout': 0.5, 'out_dropout': 0.4, 'optimizer': 'SGD', 'lr': 0.05, 'clip': 5.0, 'train_batch_size': 64, 'eval_batch_size': 128}
2026-05-28 15:32:30,077 - functions - INFO - Rejecting this trial to force Optuna to explore new parameters
2026-05-28 15:32:30,088 - functions - INFO - 
--- Trial 20 ---
2026-05-28 15:32:30,088 - functions - INFO - Testing params for Variational Dropout: {'n_epochs': 100, 'patience_value': 5, 'hid_size': 350, 'emb_size': 450, 'emb_dropout': 0.1, 'out_dropout': 0.2, 'optimizer': 'SGD', 'lr': 5.0, 'clip': 5.0, 'train_batch_size': 64, 'eval_batch_size': 128}
2026-05-28 15:34:14,552 - functions - INFO - Early stopping triggered.
2026-05-28 15:34:15,124 - functions - INFO - [Final Test PPL: 399444893508991962813877852970821751930880.0000]
2026-05-28 15:34:15,125 - functions - INFO - Losses and parameters saved to /home/disi/NLU-RS-Project/LM/part_B/results/part1b2/sweep_2026-05-28_12-59-16/hid_size=350_emb_size=450_emb_dropout=0.1_out_dropout=0.2_lr=5.0/losses.json
2026-05-28 15:34:15,297 - functions - INFO - Loss plot successfully generated and saved to /home/disi/NLU-RS-Project/LM/part_B/results/part1b2/sweep_2026-05-28_12-59-16/hid_size=350_emb_size=450_emb_dropout=0.1_out_dropout=0.2_lr=5.0/loss_plot.png
2026-05-28 15:34:15,298 - functions - INFO - [Memory before cleanup] Allocated: 82.53 MB, Reserved: 11166.00 MB
2026-05-28 15:34:15,532 - functions - INFO - [Memory after cleanup] Allocated: 38.34 MB, Reserved: 152.00 MB
2026-05-28 15:34:15,533 - functions - INFO - --------------------------------------------------
2026-05-28 15:34:15,540 - functions - INFO - 
--- Trial 21 ---
2026-05-28 15:34:15,540 - functions - INFO - Duplicate hyperparameters found: {'n_epochs': 100, 'patience_value': 5, 'hid_size': 250, 'emb_size': 500, 'emb_dropout': 0.5, 'out_dropout': 0.4, 'optimizer': 'SGD', 'lr': 3.0, 'clip': 5.0, 'train_batch_size': 64, 'eval_batch_size': 128}
2026-05-28 15:34:15,540 - functions - INFO - Rejecting this trial to force Optuna to explore new parameters
2026-05-28 15:34:15,547 - functions - INFO - 
--- Trial 22 ---
2026-05-28 15:34:15,547 - functions - INFO - Duplicate hyperparameters found: {'n_epochs': 100, 'patience_value': 5, 'hid_size': 250, 'emb_size': 500, 'emb_dropout': 0.5, 'out_dropout': 0.4, 'optimizer': 'SGD', 'lr': 3.0, 'clip': 5.0, 'train_batch_size': 64, 'eval_batch_size': 128}
2026-05-28 15:34:15,547 - functions - INFO - Rejecting this trial to force Optuna to explore new parameters
2026-05-28 15:34:15,554 - functions - INFO - 
--- Trial 23 ---
2026-05-28 15:34:15,554 - functions - INFO - Duplicate hyperparameters found: {'n_epochs': 100, 'patience_value': 5, 'hid_size': 250, 'emb_size': 500, 'emb_dropout': 0.5, 'out_dropout': 0.4, 'optimizer': 'SGD', 'lr': 3.0, 'clip': 5.0, 'train_batch_size': 64, 'eval_batch_size': 128}
2026-05-28 15:34:15,554 - functions - INFO - Rejecting this trial to force Optuna to explore new parameters
2026-05-28 15:34:15,567 - functions - INFO - 
--- Trial 24 ---
2026-05-28 15:34:15,567 - functions - INFO - Testing params for Variational Dropout: {'n_epochs': 100, 'patience_value': 5, 'hid_size': 250, 'emb_size': 500, 'emb_dropout': 0.2, 'out_dropout': 0.4, 'optimizer': 'SGD', 'lr': 4.0, 'clip': 5.0, 'train_batch_size': 64, 'eval_batch_size': 128}
2026-05-28 15:35:31,178 - functions - INFO - Early stopping triggered.
2026-05-28 15:35:31,732 - functions - INFO - [Final Test PPL: 73971721009234817581056.0000]
2026-05-28 15:35:31,733 - functions - INFO - Losses and parameters saved to /home/disi/NLU-RS-Project/LM/part_B/results/part1b2/sweep_2026-05-28_12-59-16/hid_size=250_emb_size=500_emb_dropout=0.2_out_dropout=0.4_lr=4.0/losses.json
2026-05-28 15:35:31,885 - functions - INFO - Loss plot successfully generated and saved to /home/disi/NLU-RS-Project/LM/part_B/results/part1b2/sweep_2026-05-28_12-59-16/hid_size=250_emb_size=500_emb_dropout=0.2_out_dropout=0.4_lr=4.0/loss_plot.png
2026-05-28 15:35:31,887 - functions - INFO - [Memory before cleanup] Allocated: 83.64 MB, Reserved: 9942.00 MB
2026-05-28 15:35:32,131 - functions - INFO - [Memory after cleanup] Allocated: 38.71 MB, Reserved: 152.00 MB
2026-05-28 15:35:32,131 - functions - INFO - --------------------------------------------------
2026-05-28 15:35:32,143 - functions - INFO - 
--- Trial 25 ---
2026-05-28 15:35:32,144 - functions - INFO - Testing params for Variational Dropout: {'n_epochs': 100, 'patience_value': 5, 'hid_size': 400, 'emb_size': 300, 'emb_dropout': 0.5, 'out_dropout': 0.5, 'optimizer': 'SGD', 'lr': 0.1, 'clip': 5.0, 'train_batch_size': 64, 'eval_batch_size': 128}
2026-05-28 15:54:22,868 - functions - INFO - [Final Test PPL: 162.5656]
2026-05-28 15:54:22,869 - functions - INFO - Losses and parameters saved to /home/disi/NLU-RS-Project/LM/part_B/results/part1b2/sweep_2026-05-28_12-59-16/hid_size=400_emb_size=300_emb_dropout=0.5_out_dropout=0.5_lr=0.1/losses.json
2026-05-28 15:54:23,032 - functions - INFO - Loss plot successfully generated and saved to /home/disi/NLU-RS-Project/LM/part_B/results/part1b2/sweep_2026-05-28_12-59-16/hid_size=400_emb_size=300_emb_dropout=0.5_out_dropout=0.5_lr=0.1/loss_plot.png
2026-05-28 15:54:23,034 - functions - INFO - [Memory before cleanup] Allocated: 64.93 MB, Reserved: 10810.00 MB
2026-05-28 15:54:23,281 - functions - INFO - [Memory after cleanup] Allocated: 32.48 MB, Reserved: 152.00 MB
2026-05-28 15:54:23,281 - functions - INFO - --------------------------------------------------
2026-05-28 15:54:23,293 - functions - INFO - 
--- Trial 26 ---
2026-05-28 15:54:23,293 - functions - INFO - Testing params for Variational Dropout: {'n_epochs': 100, 'patience_value': 5, 'hid_size': 250, 'emb_size': 500, 'emb_dropout': 0.5, 'out_dropout': 0.4, 'optimizer': 'SGD', 'lr': 1.0, 'clip': 5.0, 'train_batch_size': 64, 'eval_batch_size': 128}
2026-05-28 16:09:41,197 - functions - INFO - Early stopping triggered.
2026-05-28 16:09:41,753 - functions - INFO - [Final Test PPL: 100.8914]
2026-05-28 16:09:41,753 - functions - INFO - Losses and parameters saved to /home/disi/NLU-RS-Project/LM/part_B/results/part1b2/sweep_2026-05-28_12-59-16/hid_size=250_emb_size=500_emb_dropout=0.5_out_dropout=0.4_lr=1.0/losses.json
2026-05-28 16:09:41,914 - functions - INFO - Loss plot successfully generated and saved to /home/disi/NLU-RS-Project/LM/part_B/results/part1b2/sweep_2026-05-28_12-59-16/hid_size=250_emb_size=500_emb_dropout=0.5_out_dropout=0.4_lr=1.0/loss_plot.png
2026-05-28 16:09:41,916 - functions - INFO - [Memory before cleanup] Allocated: 83.64 MB, Reserved: 8362.00 MB
2026-05-28 16:09:42,157 - functions - INFO - [Memory after cleanup] Allocated: 38.71 MB, Reserved: 152.00 MB
2026-05-28 16:09:42,157 - functions - INFO - --------------------------------------------------
2026-05-28 16:09:42,160 - functions - INFO - 
================ SWEEP COMPLETE ================
2026-05-28 16:09:42,160 - functions - INFO - Best hyperparameters found:
2026-05-28 16:09:42,160 - functions - INFO -   hid_size: 350
2026-05-28 16:09:42,160 - functions - INFO -   emb_size: 450
2026-05-28 16:09:42,160 - functions - INFO -   emb_dropout: 0.5
2026-05-28 16:09:42,160 - functions - INFO -   out_dropout: 0.4
2026-05-28 16:09:42,160 - functions - INFO -   lr: 3.0
2026-05-28 16:09:42,160 - functions - INFO - Best validation loss: 4.615796706574531
2026-05-28 16:09:42,161 - functions - INFO - Best model and plots have been saved to: /home/disi/NLU-RS-Project/LM/part_B/results/part1b2/sweep_2026-05-28_12-59-16/best_model
