2026-05-28 09:10:06,036 - __main__ - INFO - 
================ STARTING PIPELINE ================
2026-05-28 09:10:06,985 - functions - INFO - 
================ RUNNING OPTUNA SWEEP ================
2026-05-28 09:10:06,985 - functions - INFO - Varying parameters for folder naming: ['hid_size', 'emb_size', 'lr']
2026-05-28 09:10:06,985 - functions - INFO - Large search space detected (275 max combinations). Using Smart TPE Search for 20 trials.
2026-05-28 09:10:06,986 - functions - INFO - 
Searching for 20 unique hyperparameter combinations...
2026-05-28 09:10:07,012 - functions - INFO - 
--- Trial 0 ---
2026-05-28 09:10:07,012 - functions - INFO - Testing params for Weight Tying: {'n_epochs': 100, 'patience_value': 5, 'hid_size': 300, 'emb_size': 500, 'optimizer': 'SGD', 'lr': 0.5, 'clip': 5.0, 'train_batch_size': 64, 'eval_batch_size': 128}
2026-05-28 09:19:49,063 - functions - INFO - Early stopping triggered.
2026-05-28 09:19:49,641 - functions - INFO - [Final Test PPL: 121.7107]
2026-05-28 09:19:49,642 - functions - INFO - Losses and parameters saved to /home/disi/NLU-RS-Project/LM/part_B/results/part1b1/sweep_2026-05-28_09-10-06/hid_size=300_emb_size=500_lr=0.5/losses.json
2026-05-28 09:19:49,988 - functions - INFO - Loss plot successfully generated and saved to /home/disi/NLU-RS-Project/LM/part_B/results/part1b1/sweep_2026-05-28_09-10-06/hid_size=300_emb_size=500_lr=0.5/loss_plot.png
2026-05-28 09:19:49,989 - functions - INFO - 
New best model found! Saving files to /home/disi/NLU-RS-Project/LM/part_B/results/part1b1/sweep_2026-05-28_09-10-06/best_model...
2026-05-28 09:19:50,020 - functions - INFO - Model saved to /home/disi/NLU-RS-Project/LM/part_B/results/part1b1/sweep_2026-05-28_09-10-06/best_model/model.pt
2026-05-28 09:19:50,020 - functions - INFO - Losses and parameters saved to /home/disi/NLU-RS-Project/LM/part_B/results/part1b1/sweep_2026-05-28_09-10-06/best_model/losses.json
2026-05-28 09:19:50,188 - functions - INFO - Loss plot successfully generated and saved to /home/disi/NLU-RS-Project/LM/part_B/results/part1b1/sweep_2026-05-28_09-10-06/best_model/loss_plot.png
2026-05-28 09:19:50,188 - functions - INFO - [Memory before cleanup] Allocated: 88.18 MB, Reserved: 9180.00 MB
2026-05-28 09:19:50,450 - functions - INFO - [Memory after cleanup] Allocated: 40.53 MB, Reserved: 86.00 MB
2026-05-28 09:19:50,450 - functions - INFO - --------------------------------------------------
2026-05-28 09:19:50,456 - functions - INFO - 
--- Trial 1 ---
2026-05-28 09:19:50,456 - functions - INFO - Testing params for Weight Tying: {'n_epochs': 100, 'patience_value': 5, 'hid_size': 350, 'emb_size': 450, 'optimizer': 'SGD', 'lr': 5.0, 'clip': 5.0, 'train_batch_size': 64, 'eval_batch_size': 128}
2026-05-28 09:21:08,582 - functions - INFO - Early stopping triggered.
2026-05-28 09:21:09,154 - functions - INFO - [Final Test PPL: 592866635153316677600223407636480.0000]
2026-05-28 09:21:09,155 - functions - INFO - Losses and parameters saved to /home/disi/NLU-RS-Project/LM/part_B/results/part1b1/sweep_2026-05-28_09-10-06/hid_size=350_emb_size=450_lr=5.0/losses.json
2026-05-28 09:21:09,347 - functions - INFO - Loss plot successfully generated and saved to /home/disi/NLU-RS-Project/LM/part_B/results/part1b1/sweep_2026-05-28_09-10-06/hid_size=350_emb_size=450_lr=5.0/loss_plot.png
2026-05-28 09:21:09,348 - functions - INFO - [Memory before cleanup] Allocated: 82.91 MB, Reserved: 10204.00 MB
2026-05-28 09:21:09,601 - functions - INFO - [Memory after cleanup] Allocated: 38.34 MB, Reserved: 90.00 MB
2026-05-28 09:21:09,601 - functions - INFO - --------------------------------------------------
2026-05-28 09:21:09,606 - functions - INFO - 
--- Trial 2 ---
2026-05-28 09:21:09,607 - functions - INFO - Testing params for Weight Tying: {'n_epochs': 100, 'patience_value': 5, 'hid_size': 250, 'emb_size': 300, 'optimizer': 'SGD', 'lr': 1.0, 'clip': 5.0, 'train_batch_size': 64, 'eval_batch_size': 128}
2026-05-28 09:26:27,743 - functions - INFO - Early stopping triggered.
2026-05-28 09:26:28,242 - functions - INFO - [Final Test PPL: 117.4257]
2026-05-28 09:26:28,242 - functions - INFO - Losses and parameters saved to /home/disi/NLU-RS-Project/LM/part_B/results/part1b1/sweep_2026-05-28_09-10-06/hid_size=250_emb_size=300_lr=1.0/losses.json
2026-05-28 09:26:28,414 - functions - INFO - Loss plot successfully generated and saved to /home/disi/NLU-RS-Project/LM/part_B/results/part1b1/sweep_2026-05-28_09-10-06/hid_size=250_emb_size=300_lr=1.0/loss_plot.png
2026-05-28 09:26:28,414 - functions - INFO - 
New best model found! Saving files to /home/disi/NLU-RS-Project/LM/part_B/results/part1b1/sweep_2026-05-28_09-10-06/best_model...
2026-05-28 09:26:28,490 - functions - INFO - Model saved to /home/disi/NLU-RS-Project/LM/part_B/results/part1b1/sweep_2026-05-28_09-10-06/best_model/model.pt
2026-05-28 09:26:28,491 - functions - INFO - Losses and parameters saved to /home/disi/NLU-RS-Project/LM/part_B/results/part1b1/sweep_2026-05-28_09-10-06/best_model/losses.json
2026-05-28 09:26:28,665 - functions - INFO - Loss plot successfully generated and saved to /home/disi/NLU-RS-Project/LM/part_B/results/part1b1/sweep_2026-05-28_09-10-06/best_model/loss_plot.png
2026-05-28 09:26:28,665 - functions - INFO - [Memory before cleanup] Allocated: 57.88 MB, Reserved: 7704.00 MB
2026-05-28 09:26:28,900 - functions - INFO - [Memory after cleanup] Allocated: 30.13 MB, Reserved: 90.00 MB
2026-05-28 09:26:28,900 - functions - INFO - --------------------------------------------------
2026-05-28 09:26:28,905 - functions - INFO - 
--- Trial 3 ---
2026-05-28 09:26:28,906 - functions - INFO - Testing params for Weight Tying: {'n_epochs': 100, 'patience_value': 5, 'hid_size': 400, 'emb_size': 450, 'optimizer': 'SGD', 'lr': 4.0, 'clip': 5.0, 'train_batch_size': 64, 'eval_batch_size': 128}
2026-05-28 09:29:35,617 - functions - INFO - Early stopping triggered.
2026-05-28 09:29:36,194 - functions - INFO - [Final Test PPL: 245462508775836419763470336.0000]
2026-05-28 09:29:36,195 - functions - INFO - Losses and parameters saved to /home/disi/NLU-RS-Project/LM/part_B/results/part1b1/sweep_2026-05-28_09-10-06/hid_size=400_emb_size=450_lr=4.0/losses.json
2026-05-28 09:29:36,371 - functions - INFO - Loss plot successfully generated and saved to /home/disi/NLU-RS-Project/LM/part_B/results/part1b1/sweep_2026-05-28_09-10-06/hid_size=400_emb_size=450_lr=4.0/loss_plot.png
2026-05-28 09:29:36,372 - functions - INFO - [Memory before cleanup] Allocated: 85.54 MB, Reserved: 9140.00 MB
2026-05-28 09:29:36,621 - functions - INFO - [Memory after cleanup] Allocated: 39.35 MB, Reserved: 166.00 MB
2026-05-28 09:29:36,622 - functions - INFO - --------------------------------------------------
2026-05-28 09:29:36,627 - functions - INFO - 
--- Trial 4 ---
2026-05-28 09:29:36,627 - functions - INFO - Testing params for Weight Tying: {'n_epochs': 100, 'patience_value': 5, 'hid_size': 300, 'emb_size': 350, 'optimizer': 'SGD', 'lr': 7.0, 'clip': 5.0, 'train_batch_size': 64, 'eval_batch_size': 128}
2026-05-28 09:31:26,642 - functions - INFO - Early stopping triggered.
2026-05-28 09:31:27,165 - functions - INFO - [Final Test PPL: 28088434386545386796376993850493806760510972081709220282234663075840.0000]
2026-05-28 09:31:27,165 - functions - INFO - Losses and parameters saved to /home/disi/NLU-RS-Project/LM/part_B/results/part1b1/sweep_2026-05-28_09-10-06/hid_size=300_emb_size=350_lr=7.0/losses.json
2026-05-28 09:31:27,332 - functions - INFO - Loss plot successfully generated and saved to /home/disi/NLU-RS-Project/LM/part_B/results/part1b1/sweep_2026-05-28_09-10-06/hid_size=300_emb_size=350_lr=7.0/loss_plot.png
2026-05-28 09:31:27,334 - functions - INFO - [Memory before cleanup] Allocated: 66.59 MB, Reserved: 7886.00 MB
2026-05-28 09:31:27,574 - functions - INFO - [Memory after cleanup] Allocated: 33.03 MB, Reserved: 66.00 MB
2026-05-28 09:31:27,574 - functions - INFO - --------------------------------------------------
2026-05-28 09:31:27,580 - functions - INFO - 
--- Trial 5 ---
2026-05-28 09:31:27,580 - functions - INFO - Testing params for Weight Tying: {'n_epochs': 100, 'patience_value': 5, 'hid_size': 350, 'emb_size': 450, 'optimizer': 'SGD', 'lr': 10.0, 'clip': 5.0, 'train_batch_size': 64, 'eval_batch_size': 128}
2026-05-28 09:32:46,533 - functions - INFO - Early stopping triggered.
2026-05-28 09:32:47,110 - functions - INFO - [Final Test PPL: 10166658612647443333430385791876869976267997698951144112720725067558462168175112477816236618398516029692001607544787341190657317992787978747904.0000]
2026-05-28 09:32:47,111 - functions - INFO - Losses and parameters saved to /home/disi/NLU-RS-Project/LM/part_B/results/part1b1/sweep_2026-05-28_09-10-06/hid_size=350_emb_size=450_lr=10.0/losses.json
2026-05-28 09:32:47,283 - functions - INFO - Loss plot successfully generated and saved to /home/disi/NLU-RS-Project/LM/part_B/results/part1b1/sweep_2026-05-28_09-10-06/hid_size=350_emb_size=450_lr=10.0/loss_plot.png
2026-05-28 09:32:47,284 - functions - INFO - [Memory before cleanup] Allocated: 82.53 MB, Reserved: 10040.00 MB
2026-05-28 09:32:47,522 - functions - INFO - [Memory after cleanup] Allocated: 38.34 MB, Reserved: 188.00 MB
2026-05-28 09:32:47,523 - functions - INFO - --------------------------------------------------
2026-05-28 09:32:47,529 - functions - INFO - 
--- Trial 6 ---
2026-05-28 09:32:47,529 - functions - INFO - Testing params for Weight Tying: {'n_epochs': 100, 'patience_value': 5, 'hid_size': 200, 'emb_size': 300, 'optimizer': 'SGD', 'lr': 8.0, 'clip': 5.0, 'train_batch_size': 64, 'eval_batch_size': 128}
2026-05-28 09:34:17,532 - functions - INFO - Early stopping triggered.
2026-05-28 09:34:18,015 - functions - INFO - [Final Test PPL: 429393462586923128476662047564497008689245955863596320725321062911372951384964139246108862900942734482210816.0000]
2026-05-28 09:34:18,016 - functions - INFO - Losses and parameters saved to /home/disi/NLU-RS-Project/LM/part_B/results/part1b1/sweep_2026-05-28_09-10-06/hid_size=200_emb_size=300_lr=8.0/losses.json
2026-05-28 09:34:18,188 - functions - INFO - Loss plot successfully generated and saved to /home/disi/NLU-RS-Project/LM/part_B/results/part1b1/sweep_2026-05-28_09-10-06/hid_size=200_emb_size=300_lr=8.0/loss_plot.png
2026-05-28 09:34:18,189 - functions - INFO - [Memory before cleanup] Allocated: 56.37 MB, Reserved: 13716.00 MB
2026-05-28 09:34:18,435 - functions - INFO - [Memory after cleanup] Allocated: 29.50 MB, Reserved: 66.00 MB
2026-05-28 09:34:18,435 - functions - INFO - --------------------------------------------------
2026-05-28 09:34:18,449 - functions - INFO - 
--- Trial 7 ---
2026-05-28 09:34:18,449 - functions - INFO - Testing params for Weight Tying: {'n_epochs': 100, 'patience_value': 5, 'hid_size': 350, 'emb_size': 350, 'optimizer': 'SGD', 'lr': 10.0, 'clip': 5.0, 'train_batch_size': 64, 'eval_batch_size': 128}
2026-05-28 09:37:13,204 - functions - INFO - Early stopping triggered.
2026-05-28 09:37:13,773 - functions - INFO - [Final Test PPL: 122.6455]
2026-05-28 09:37:13,773 - functions - INFO - Losses and parameters saved to /home/disi/NLU-RS-Project/LM/part_B/results/part1b1/sweep_2026-05-28_09-10-06/hid_size=350_emb_size=350_lr=10.0/losses.json
2026-05-28 09:37:13,949 - functions - INFO - Loss plot successfully generated and saved to /home/disi/NLU-RS-Project/LM/part_B/results/part1b1/sweep_2026-05-28_09-10-06/hid_size=350_emb_size=350_lr=10.0/loss_plot.png
2026-05-28 09:37:13,950 - functions - INFO - [Memory before cleanup] Allocated: 68.28 MB, Reserved: 8836.00 MB
2026-05-28 09:37:14,207 - functions - INFO - [Memory after cleanup] Allocated: 33.39 MB, Reserved: 66.00 MB
2026-05-28 09:37:14,207 - functions - INFO - --------------------------------------------------
2026-05-28 09:37:14,213 - functions - INFO - 
--- Trial 8 ---
2026-05-28 09:37:14,213 - functions - INFO - Testing params for Weight Tying: {'n_epochs': 100, 'patience_value': 5, 'hid_size': 250, 'emb_size': 500, 'optimizer': 'SGD', 'lr': 3.0, 'clip': 5.0, 'train_batch_size': 64, 'eval_batch_size': 128}
2026-05-28 09:41:13,991 - functions - INFO - Early stopping triggered.
2026-05-28 09:41:14,557 - functions - INFO - [Final Test PPL: 116.9211]
2026-05-28 09:41:14,568 - functions - INFO - Losses and parameters saved to /home/disi/NLU-RS-Project/LM/part_B/results/part1b1/sweep_2026-05-28_09-10-06/hid_size=250_emb_size=500_lr=3.0/losses.json
2026-05-28 09:41:14,736 - functions - INFO - Loss plot successfully generated and saved to /home/disi/NLU-RS-Project/LM/part_B/results/part1b1/sweep_2026-05-28_09-10-06/hid_size=250_emb_size=500_lr=3.0/loss_plot.png
2026-05-28 09:41:14,738 - functions - INFO - [Memory before cleanup] Allocated: 84.12 MB, Reserved: 10456.00 MB
2026-05-28 09:41:14,993 - functions - INFO - [Memory after cleanup] Allocated: 39.20 MB, Reserved: 190.00 MB
2026-05-28 09:41:14,993 - functions - INFO - --------------------------------------------------
2026-05-28 09:41:14,999 - functions - INFO - 
--- Trial 9 ---
2026-05-28 09:41:14,999 - functions - INFO - Testing params for Weight Tying: {'n_epochs': 100, 'patience_value': 5, 'hid_size': 350, 'emb_size': 400, 'optimizer': 'SGD', 'lr': 10.0, 'clip': 5.0, 'train_batch_size': 64, 'eval_batch_size': 128}
