2026-05-28 17:41:52,711 - __main__ - INFO - 
================ STARTING PIPELINE ================
2026-05-28 17:41:53,749 - functions - INFO - 
================ RUNNING OPTUNA SWEEP ================
2026-05-28 17:41:53,750 - functions - INFO - Varying parameters for folder naming: ['hid_size', 'emb_size', 'emb_dropout', 'out_dropout', 'lr']
2026-05-28 17:41:53,750 - functions - INFO - Large search space detected (5625 max combinations). Using Smart TPE Search for 20 trials.
2026-05-28 17:41:53,751 - functions - INFO - 
Searching for 20 unique hyperparameter combinations...
2026-05-28 17:41:53,876 - functions - INFO - 
--- Trial 0 ---
2026-05-28 17:41:53,876 - functions - INFO - Testing params for Non-monotonically Triggered AvSGD: {'n_epochs': 100, 'patience_value': 5, 'hid_size': 300, 'emb_size': 450, 'emb_dropout': 0.2, 'out_dropout': 0.4, 'optimizer': 'SGD', 'lr': 4.0, 'clip': 5.0, 'train_batch_size': 64, 'eval_batch_size': 128}
2026-05-28 17:43:17,691 - functions - INFO - Early stopping triggered.
2026-05-28 17:43:18,227 - functions - INFO - [Final Test PPL: 127162524056994114498739421201825792.0000]
2026-05-28 17:43:18,227 - functions - INFO - Losses and parameters saved to /home/disi/NLU-RS-Project/LM/part_B/results/part1b3/sweep_2026-05-28_17-41-52/hid_size=300_emb_size=450_emb_dropout=0.2_out_dropout=0.4_lr=4.0/losses.json
2026-05-28 17:43:18,560 - functions - INFO - Loss plot successfully generated and saved to /home/disi/NLU-RS-Project/LM/part_B/results/part1b3/sweep_2026-05-28_17-41-52/hid_size=300_emb_size=450_emb_dropout=0.2_out_dropout=0.4_lr=4.0/loss_plot.png
2026-05-28 17:43:18,560 - functions - INFO - 
New best model found! Saving files to /home/disi/NLU-RS-Project/LM/part_B/results/part1b3/sweep_2026-05-28_17-41-52/best_model...
2026-05-28 17:43:18,592 - functions - INFO - Model saved to /home/disi/NLU-RS-Project/LM/part_B/results/part1b3/sweep_2026-05-28_17-41-52/best_model/model.pt
2026-05-28 17:43:18,593 - functions - INFO - Losses and parameters saved to /home/disi/NLU-RS-Project/LM/part_B/results/part1b3/sweep_2026-05-28_17-41-52/best_model/losses.json
2026-05-28 17:43:18,762 - functions - INFO - Loss plot successfully generated and saved to /home/disi/NLU-RS-Project/LM/part_B/results/part1b3/sweep_2026-05-28_17-41-52/best_model/loss_plot.png
2026-05-28 17:43:18,762 - functions - INFO - [Memory before cleanup] Allocated: 81.20 MB, Reserved: 10102.00 MB
2026-05-28 17:43:19,018 - functions - INFO - [Memory after cleanup] Allocated: 37.42 MB, Reserved: 150.00 MB
2026-05-28 17:43:19,018 - functions - INFO - --------------------------------------------------
2026-05-28 17:43:19,025 - functions - INFO - 
--- Trial 1 ---
2026-05-28 17:43:19,025 - functions - INFO - Testing params for Non-monotonically Triggered AvSGD: {'n_epochs': 100, 'patience_value': 5, 'hid_size': 200, 'emb_size': 300, 'emb_dropout': 0.5, 'out_dropout': 0.1, 'optimizer': 'SGD', 'lr': 4.0, 'clip': 5.0, 'train_batch_size': 64, 'eval_batch_size': 128}
2026-05-28 17:44:50,661 - functions - INFO - Trigger activated at epoch 9. Starting weight averaging.
2026-05-28 17:45:03,673 - functions - INFO - Averaged weights achieved new best PPL: 72211158565078933504.0000
2026-05-28 17:46:04,674 - functions - INFO - Early stopping triggered.
2026-05-28 17:46:05,128 - functions - INFO - [Final Test PPL: 121166642015851380736.0000]
2026-05-28 17:46:05,128 - functions - INFO - Losses and parameters saved to /home/disi/NLU-RS-Project/LM/part_B/results/part1b3/sweep_2026-05-28_17-41-52/hid_size=200_emb_size=300_emb_dropout=0.5_out_dropout=0.1_lr=4.0/losses.json
2026-05-28 17:46:05,314 - functions - INFO - Loss plot successfully generated and saved to /home/disi/NLU-RS-Project/LM/part_B/results/part1b3/sweep_2026-05-28_17-41-52/hid_size=200_emb_size=300_emb_dropout=0.5_out_dropout=0.1_lr=4.0/loss_plot.png
2026-05-28 17:46:05,315 - functions - INFO - 
New best model found! Saving files to /home/disi/NLU-RS-Project/LM/part_B/results/part1b3/sweep_2026-05-28_17-41-52/best_model...
2026-05-28 17:46:05,349 - functions - INFO - Model saved to /home/disi/NLU-RS-Project/LM/part_B/results/part1b3/sweep_2026-05-28_17-41-52/best_model/model.pt
2026-05-28 17:46:05,349 - functions - INFO - Losses and parameters saved to /home/disi/NLU-RS-Project/LM/part_B/results/part1b3/sweep_2026-05-28_17-41-52/best_model/losses.json
2026-05-28 17:46:05,536 - functions - INFO - Loss plot successfully generated and saved to /home/disi/NLU-RS-Project/LM/part_B/results/part1b3/sweep_2026-05-28_17-41-52/best_model/loss_plot.png
2026-05-28 17:46:05,536 - functions - INFO - [Memory before cleanup] Allocated: 56.70 MB, Reserved: 10738.00 MB
2026-05-28 17:46:05,784 - functions - INFO - [Memory after cleanup] Allocated: 29.50 MB, Reserved: 130.00 MB
2026-05-28 17:46:05,784 - functions - INFO - --------------------------------------------------
2026-05-28 17:46:05,791 - functions - INFO - 
--- Trial 2 ---
2026-05-28 17:46:05,791 - functions - INFO - Testing params for Non-monotonically Triggered AvSGD: {'n_epochs': 100, 'patience_value': 5, 'hid_size': 250, 'emb_size': 300, 'emb_dropout': 0.4, 'out_dropout': 0.4, 'optimizer': 'SGD', 'lr': 5.0, 'clip': 5.0, 'train_batch_size': 64, 'eval_batch_size': 128}
2026-05-28 17:47:08,511 - functions - INFO - Early stopping triggered.
2026-05-28 17:47:08,971 - functions - INFO - [Final Test PPL: 75089714913497048474137395200.0000]
2026-05-28 17:47:08,972 - functions - INFO - Losses and parameters saved to /home/disi/NLU-RS-Project/LM/part_B/results/part1b3/sweep_2026-05-28_17-41-52/hid_size=250_emb_size=300_emb_dropout=0.4_out_dropout=0.4_lr=5.0/losses.json
2026-05-28 17:47:09,137 - functions - INFO - Loss plot successfully generated and saved to /home/disi/NLU-RS-Project/LM/part_B/results/part1b3/sweep_2026-05-28_17-41-52/hid_size=250_emb_size=300_emb_dropout=0.4_out_dropout=0.4_lr=5.0/loss_plot.png
2026-05-28 17:47:09,138 - functions - INFO - [Memory before cleanup] Allocated: 58.02 MB, Reserved: 7952.00 MB
2026-05-28 17:47:09,380 - functions - INFO - [Memory after cleanup] Allocated: 30.26 MB, Reserved: 174.00 MB
2026-05-28 17:47:09,380 - functions - INFO - --------------------------------------------------
2026-05-28 17:47:09,387 - functions - INFO - 
--- Trial 3 ---
2026-05-28 17:47:09,387 - functions - INFO - Testing params for Non-monotonically Triggered AvSGD: {'n_epochs': 100, 'patience_value': 5, 'hid_size': 200, 'emb_size': 500, 'emb_dropout': 0.2, 'out_dropout': 0.5, 'optimizer': 'SGD', 'lr': 0.05, 'clip': 5.0, 'train_batch_size': 64, 'eval_batch_size': 128}
2026-05-28 18:07:50,479 - functions - INFO - [Final Test PPL: 212.9398]
2026-05-28 18:07:50,480 - functions - INFO - Losses and parameters saved to /home/disi/NLU-RS-Project/LM/part_B/results/part1b3/sweep_2026-05-28_17-41-52/hid_size=200_emb_size=500_emb_dropout=0.2_out_dropout=0.5_lr=0.05/losses.json
2026-05-28 18:07:50,644 - functions - INFO - Loss plot successfully generated and saved to /home/disi/NLU-RS-Project/LM/part_B/results/part1b3/sweep_2026-05-28_17-41-52/hid_size=200_emb_size=500_emb_dropout=0.2_out_dropout=0.5_lr=0.05/loss_plot.png
2026-05-28 18:07:50,645 - functions - INFO - 
New best model found! Saving files to /home/disi/NLU-RS-Project/LM/part_B/results/part1b3/sweep_2026-05-28_17-41-52/best_model...
2026-05-28 18:07:50,748 - functions - INFO - Model saved to /home/disi/NLU-RS-Project/LM/part_B/results/part1b3/sweep_2026-05-28_17-41-52/best_model/model.pt
2026-05-28 18:07:50,748 - functions - INFO - Losses and parameters saved to /home/disi/NLU-RS-Project/LM/part_B/results/part1b3/sweep_2026-05-28_17-41-52/best_model/losses.json
2026-05-28 18:07:50,915 - functions - INFO - Loss plot successfully generated and saved to /home/disi/NLU-RS-Project/LM/part_B/results/part1b3/sweep_2026-05-28_17-41-52/best_model/loss_plot.png
2026-05-28 18:07:50,915 - functions - INFO - [Memory before cleanup] Allocated: 81.57 MB, Reserved: 9902.00 MB
2026-05-28 18:07:51,158 - functions - INFO - [Memory after cleanup] Allocated: 37.89 MB, Reserved: 150.00 MB
2026-05-28 18:07:51,158 - functions - INFO - --------------------------------------------------
2026-05-28 18:07:51,165 - functions - INFO - 
--- Trial 4 ---
2026-05-28 18:07:51,165 - functions - INFO - Testing params for Non-monotonically Triggered AvSGD: {'n_epochs': 100, 'patience_value': 5, 'hid_size': 400, 'emb_size': 450, 'emb_dropout': 0.5, 'out_dropout': 0.5, 'optimizer': 'SGD', 'lr': 2.0, 'clip': 5.0, 'train_batch_size': 64, 'eval_batch_size': 128}
2026-05-28 18:16:49,796 - functions - INFO - Trigger activated at epoch 40. Starting weight averaging.
2026-05-28 18:17:05,973 - functions - INFO - Averaged weights achieved new best PPL: 94.9601
2026-05-28 18:17:21,610 - functions - INFO - Averaged weights achieved new best PPL: 94.5147
2026-05-28 18:17:37,329 - functions - INFO - Averaged weights achieved new best PPL: 94.2466
2026-05-28 18:17:53,063 - functions - INFO - Averaged weights achieved new best PPL: 94.0774
2026-05-28 18:18:08,729 - functions - INFO - Averaged weights achieved new best PPL: 93.9344
2026-05-28 18:18:24,520 - functions - INFO - Averaged weights achieved new best PPL: 93.7862
2026-05-28 18:18:40,270 - functions - INFO - Averaged weights achieved new best PPL: 93.6444
2026-05-28 18:18:55,936 - functions - INFO - Averaged weights achieved new best PPL: 93.5381
2026-05-28 18:19:11,662 - functions - INFO - Averaged weights achieved new best PPL: 93.4374
2026-05-28 18:19:27,405 - functions - INFO - Averaged weights achieved new best PPL: 93.3360
2026-05-28 18:19:43,073 - functions - INFO - Averaged weights achieved new best PPL: 93.2191
2026-05-28 18:19:58,826 - functions - INFO - Averaged weights achieved new best PPL: 93.1119
2026-05-28 18:20:14,490 - functions - INFO - Averaged weights achieved new best PPL: 93.0164
2026-05-28 18:20:30,206 - functions - INFO - Averaged weights achieved new best PPL: 92.9380
2026-05-28 18:20:45,973 - functions - INFO - Averaged weights achieved new best PPL: 92.8596
2026-05-28 18:21:01,761 - functions - INFO - Averaged weights achieved new best PPL: 92.7926
2026-05-28 18:21:17,382 - functions - INFO - Averaged weights achieved new best PPL: 92.7263
2026-05-28 18:21:33,036 - functions - INFO - Averaged weights achieved new best PPL: 92.6674
2026-05-28 18:21:48,722 - functions - INFO - Averaged weights achieved new best PPL: 92.6103
2026-05-28 18:22:04,498 - functions - INFO - Averaged weights achieved new best PPL: 92.5530
2026-05-28 18:22:20,244 - functions - INFO - Averaged weights achieved new best PPL: 92.4996
2026-05-28 18:22:35,931 - functions - INFO - Averaged weights achieved new best PPL: 92.4497
2026-05-28 18:22:51,570 - functions - INFO - Averaged weights achieved new best PPL: 92.3997
2026-05-28 18:23:07,321 - functions - INFO - Averaged weights achieved new best PPL: 92.3488
2026-05-28 18:23:23,088 - functions - INFO - Averaged weights achieved new best PPL: 92.3061
2026-05-28 18:23:38,839 - functions - INFO - Averaged weights achieved new best PPL: 92.2655
2026-05-28 18:23:54,534 - functions - INFO - Averaged weights achieved new best PPL: 92.2246
2026-05-28 18:24:10,211 - functions - INFO - Averaged weights achieved new best PPL: 92.1854
2026-05-28 18:24:25,963 - functions - INFO - Averaged weights achieved new best PPL: 92.1481
2026-05-28 18:24:41,631 - functions - INFO - Averaged weights achieved new best PPL: 92.1171
2026-05-28 18:24:57,327 - functions - INFO - Averaged weights achieved new best PPL: 92.0895
2026-05-28 18:25:13,069 - functions - INFO - Averaged weights achieved new best PPL: 92.0624
2026-05-28 18:25:28,764 - functions - INFO - Averaged weights achieved new best PPL: 92.0432
2026-05-28 18:25:44,538 - functions - INFO - Averaged weights achieved new best PPL: 92.0215
2026-05-28 18:26:00,296 - functions - INFO - Averaged weights achieved new best PPL: 91.9974
2026-05-28 18:26:16,012 - functions - INFO - Averaged weights achieved new best PPL: 91.9769
2026-05-28 18:26:31,712 - functions - INFO - Averaged weights achieved new best PPL: 91.9560
2026-05-28 18:26:47,369 - functions - INFO - Averaged weights achieved new best PPL: 91.9374
2026-05-28 18:27:03,089 - functions - INFO - Averaged weights achieved new best PPL: 91.9226
2026-05-28 18:27:18,829 - functions - INFO - Averaged weights achieved new best PPL: 91.9078
2026-05-28 18:27:34,602 - functions - INFO - Averaged weights achieved new best PPL: 91.8933
2026-05-28 18:27:50,262 - functions - INFO - Averaged weights achieved new best PPL: 91.8784
2026-05-28 18:28:05,966 - functions - INFO - Averaged weights achieved new best PPL: 91.8656
2026-05-28 18:28:21,629 - functions - INFO - Averaged weights achieved new best PPL: 91.8547
2026-05-28 18:28:37,318 - functions - INFO - Averaged weights achieved new best PPL: 91.8465
2026-05-28 18:28:53,129 - functions - INFO - Averaged weights achieved new best PPL: 91.8399
2026-05-28 18:29:08,755 - functions - INFO - Averaged weights achieved new best PPL: 91.8336
2026-05-28 18:29:24,518 - functions - INFO - Averaged weights achieved new best PPL: 91.8292
2026-05-28 18:29:40,271 - functions - INFO - Averaged weights achieved new best PPL: 91.8251
2026-05-28 18:29:55,977 - functions - INFO - Averaged weights achieved new best PPL: 91.8205
2026-05-28 18:31:14,041 - functions - INFO - Early stopping triggered.
2026-05-28 18:31:14,583 - functions - INFO - [Final Test PPL: 88.7601]
2026-05-28 18:31:14,584 - functions - INFO - Losses and parameters saved to /home/disi/NLU-RS-Project/LM/part_B/results/part1b3/sweep_2026-05-28_17-41-52/hid_size=400_emb_size=450_emb_dropout=0.5_out_dropout=0.5_lr=2.0/losses.json
2026-05-28 18:31:14,752 - functions - INFO - Loss plot successfully generated and saved to /home/disi/NLU-RS-Project/LM/part_B/results/part1b3/sweep_2026-05-28_17-41-52/hid_size=400_emb_size=450_emb_dropout=0.5_out_dropout=0.5_lr=2.0/loss_plot.png
2026-05-28 18:31:14,753 - functions - INFO - 
New best model found! Saving files to /home/disi/NLU-RS-Project/LM/part_B/results/part1b3/sweep_2026-05-28_17-41-52/best_model...
2026-05-28 18:31:14,856 - functions - INFO - Model saved to /home/disi/NLU-RS-Project/LM/part_B/results/part1b3/sweep_2026-05-28_17-41-52/best_model/model.pt
2026-05-28 18:31:14,857 - functions - INFO - Losses and parameters saved to /home/disi/NLU-RS-Project/LM/part_B/results/part1b3/sweep_2026-05-28_17-41-52/best_model/losses.json
2026-05-28 18:31:15,027 - functions - INFO - Loss plot successfully generated and saved to /home/disi/NLU-RS-Project/LM/part_B/results/part1b3/sweep_2026-05-28_17-41-52/best_model/loss_plot.png
2026-05-28 18:31:15,028 - functions - INFO - [Memory before cleanup] Allocated: 85.54 MB, Reserved: 10154.00 MB
2026-05-28 18:31:15,267 - functions - INFO - [Memory after cleanup] Allocated: 39.35 MB, Reserved: 152.00 MB
2026-05-28 18:31:15,267 - functions - INFO - --------------------------------------------------
2026-05-28 18:31:15,274 - functions - INFO - 
--- Trial 5 ---
2026-05-28 18:31:15,274 - functions - INFO - Testing params for Non-monotonically Triggered AvSGD: {'n_epochs': 100, 'patience_value': 5, 'hid_size': 300, 'emb_size': 300, 'emb_dropout': 0.2, 'out_dropout': 0.3, 'optimizer': 'SGD', 'lr': 3.0, 'clip': 5.0, 'train_batch_size': 64, 'eval_batch_size': 128}
2026-05-28 18:37:48,264 - functions - INFO - Trigger activated at epoch 37. Starting weight averaging.
2026-05-28 18:38:01,427 - functions - INFO - Averaged weights achieved new best PPL: 99.2368
2026-05-28 18:38:14,119 - functions - INFO - Averaged weights achieved new best PPL: 98.9343
2026-05-28 18:38:26,815 - functions - INFO - Averaged weights achieved new best PPL: 98.7542
2026-05-28 18:38:39,465 - functions - INFO - Averaged weights achieved new best PPL: 98.6550
2026-05-28 18:38:52,156 - functions - INFO - Averaged weights achieved new best PPL: 98.5626
2026-05-28 18:39:04,855 - functions - INFO - Averaged weights achieved new best PPL: 98.5063
2026-05-28 18:39:17,571 - functions - INFO - Averaged weights achieved new best PPL: 98.4559
2026-05-28 18:39:30,247 - functions - INFO - Averaged weights achieved new best PPL: 98.3876
2026-05-28 18:39:42,937 - functions - INFO - Averaged weights achieved new best PPL: 98.3258
2026-05-28 18:39:55,595 - functions - INFO - Averaged weights achieved new best PPL: 98.2896
2026-05-28 18:40:08,271 - functions - INFO - Averaged weights achieved new best PPL: 98.2576
2026-05-28 18:40:20,926 - functions - INFO - Averaged weights achieved new best PPL: 98.2414
2026-05-28 18:40:33,702 - functions - INFO - Averaged weights achieved new best PPL: 98.2396
2026-05-28 18:40:46,439 - functions - INFO - Averaged weights achieved new best PPL: 98.2378
2026-05-28 18:40:59,160 - functions - INFO - Averaged weights achieved new best PPL: 98.2317
2026-05-28 18:42:02,195 - functions - INFO - Early stopping triggered.
2026-05-28 18:42:02,681 - functions - INFO - [Final Test PPL: 96.3201]
2026-05-28 18:42:02,681 - functions - INFO - Losses and parameters saved to /home/disi/NLU-RS-Project/LM/part_B/results/part1b3/sweep_2026-05-28_17-41-52/hid_size=300_emb_size=300_emb_dropout=0.2_out_dropout=0.3_lr=3.0/losses.json
2026-05-28 18:42:02,849 - functions - INFO - Loss plot successfully generated and saved to /home/disi/NLU-RS-Project/LM/part_B/results/part1b3/sweep_2026-05-28_17-41-52/hid_size=300_emb_size=300_emb_dropout=0.2_out_dropout=0.3_lr=3.0/loss_plot.png
2026-05-28 18:42:02,850 - functions - INFO - [Memory before cleanup] Allocated: 58.97 MB, Reserved: 10264.00 MB
2026-05-28 18:42:03,079 - functions - INFO - [Memory after cleanup] Allocated: 30.49 MB, Reserved: 150.00 MB
2026-05-28 18:42:03,079 - functions - INFO - --------------------------------------------------
2026-05-28 18:42:03,087 - functions - INFO - 
--- Trial 6 ---
2026-05-28 18:42:03,087 - functions - INFO - Testing params for Non-monotonically Triggered AvSGD: {'n_epochs': 100, 'patience_value': 5, 'hid_size': 350, 'emb_size': 450, 'emb_dropout': 0.3, 'out_dropout': 0.5, 'optimizer': 'SGD', 'lr': 0.1, 'clip': 5.0, 'train_batch_size': 64, 'eval_batch_size': 128}
2026-05-28 19:03:53,834 - functions - INFO - [Final Test PPL: 156.4137]
2026-05-28 19:03:53,835 - functions - INFO - Losses and parameters saved to /home/disi/NLU-RS-Project/LM/part_B/results/part1b3/sweep_2026-05-28_17-41-52/hid_size=350_emb_size=450_emb_dropout=0.3_out_dropout=0.5_lr=0.1/losses.json
2026-05-28 19:03:53,999 - functions - INFO - Loss plot successfully generated and saved to /home/disi/NLU-RS-Project/LM/part_B/results/part1b3/sweep_2026-05-28_17-41-52/hid_size=350_emb_size=450_emb_dropout=0.3_out_dropout=0.5_lr=0.1/loss_plot.png
2026-05-28 19:03:54,000 - functions - INFO - [Memory before cleanup] Allocated: 82.53 MB, Reserved: 10830.00 MB
2026-05-28 19:03:54,236 - functions - INFO - [Memory after cleanup] Allocated: 38.34 MB, Reserved: 150.00 MB
2026-05-28 19:03:54,236 - functions - INFO - --------------------------------------------------
2026-05-28 19:03:54,243 - functions - INFO - 
--- Trial 7 ---
2026-05-28 19:03:54,243 - functions - INFO - Testing params for Non-monotonically Triggered AvSGD: {'n_epochs': 100, 'patience_value': 5, 'hid_size': 400, 'emb_size': 400, 'emb_dropout': 0.2, 'out_dropout': 0.2, 'optimizer': 'SGD', 'lr': 1.0, 'clip': 5.0, 'train_batch_size': 64, 'eval_batch_size': 128}
2026-05-28 19:15:28,019 - functions - INFO - Trigger activated at epoch 55. Starting weight averaging.
2026-05-28 19:15:43,275 - functions - INFO - Averaged weights achieved new best PPL: 108.1831
2026-05-28 19:15:58,034 - functions - INFO - Averaged weights achieved new best PPL: 107.9735
2026-05-28 19:16:12,836 - functions - INFO - Averaged weights achieved new best PPL: 107.8587
2026-05-28 19:16:27,560 - functions - INFO - Averaged weights achieved new best PPL: 107.7492
2026-05-28 19:16:42,344 - functions - INFO - Averaged weights achieved new best PPL: 107.6410
2026-05-28 19:16:57,145 - functions - INFO - Averaged weights achieved new best PPL: 107.5765
2026-05-28 19:17:11,890 - functions - INFO - Averaged weights achieved new best PPL: 107.5115
2026-05-28 19:17:26,620 - functions - INFO - Averaged weights achieved new best PPL: 107.4406
2026-05-28 19:17:41,354 - functions - INFO - Averaged weights achieved new best PPL: 107.3708
2026-05-28 19:17:56,103 - functions - INFO - Averaged weights achieved new best PPL: 107.3128
2026-05-28 19:18:10,857 - functions - INFO - Averaged weights achieved new best PPL: 107.2622
2026-05-28 19:18:25,526 - functions - INFO - Averaged weights achieved new best PPL: 107.2121
2026-05-28 19:18:40,268 - functions - INFO - Averaged weights achieved new best PPL: 107.1678
2026-05-28 19:18:54,949 - functions - INFO - Averaged weights achieved new best PPL: 107.1370
2026-05-28 19:19:09,687 - functions - INFO - Averaged weights achieved new best PPL: 107.1066
2026-05-28 19:19:24,480 - functions - INFO - Averaged weights achieved new best PPL: 107.0731
2026-05-28 19:19:39,244 - functions - INFO - Averaged weights achieved new best PPL: 107.0416
2026-05-28 19:19:54,026 - functions - INFO - Averaged weights achieved new best PPL: 107.0123
2026-05-28 19:20:08,793 - functions - INFO - Averaged weights achieved new best PPL: 106.9888
2026-05-28 19:20:23,521 - functions - INFO - Averaged weights achieved new best PPL: 106.9690
2026-05-28 19:20:38,313 - functions - INFO - Averaged weights achieved new best PPL: 106.9446
2026-05-28 19:20:52,970 - functions - INFO - Averaged weights achieved new best PPL: 106.9281
2026-05-28 19:21:07,681 - functions - INFO - Averaged weights achieved new best PPL: 106.9145
2026-05-28 19:21:22,390 - functions - INFO - Averaged weights achieved new best PPL: 106.9088
2026-05-28 19:21:37,190 - functions - INFO - Averaged weights achieved new best PPL: 106.8996
2026-05-28 19:21:51,984 - functions - INFO - Averaged weights achieved new best PPL: 106.8946
2026-05-28 19:22:06,772 - functions - INFO - Averaged weights achieved new best PPL: 106.8888
2026-05-28 19:23:19,858 - functions - INFO - Early stopping triggered.
2026-05-28 19:23:20,391 - functions - INFO - [Final Test PPL: 104.3301]
2026-05-28 19:23:20,392 - functions - INFO - Losses and parameters saved to /home/disi/NLU-RS-Project/LM/part_B/results/part1b3/sweep_2026-05-28_17-41-52/hid_size=400_emb_size=400_emb_dropout=0.2_out_dropout=0.2_lr=1.0/losses.json
2026-05-28 19:23:20,555 - functions - INFO - Loss plot successfully generated and saved to /home/disi/NLU-RS-Project/LM/part_B/results/part1b3/sweep_2026-05-28_17-41-52/hid_size=400_emb_size=400_emb_dropout=0.2_out_dropout=0.2_lr=1.0/loss_plot.png
2026-05-28 19:23:20,556 - functions - INFO - [Memory before cleanup] Allocated: 77.28 MB, Reserved: 9802.00 MB
2026-05-28 19:23:20,795 - functions - INFO - [Memory after cleanup] Allocated: 36.90 MB, Reserved: 150.00 MB
2026-05-28 19:23:20,795 - functions - INFO - --------------------------------------------------
2026-05-28 19:23:20,802 - functions - INFO - 
--- Trial 8 ---
2026-05-28 19:23:20,802 - functions - INFO - Testing params for Non-monotonically Triggered AvSGD: {'n_epochs': 100, 'patience_value': 5, 'hid_size': 250, 'emb_size': 400, 'emb_dropout': 0.1, 'out_dropout': 0.2, 'optimizer': 'SGD', 'lr': 0.1, 'clip': 5.0, 'train_batch_size': 64, 'eval_batch_size': 128}
2026-05-28 19:38:05,740 - functions - INFO - Trigger activated at epoch 77. Starting weight averaging.
2026-05-28 19:38:19,800 - functions - INFO - Averaged weights achieved new best PPL: 165.6077
2026-05-28 19:38:33,375 - functions - INFO - Averaged weights achieved new best PPL: 165.0461
2026-05-28 19:38:46,999 - functions - INFO - Averaged weights achieved new best PPL: 164.5247
2026-05-28 19:39:00,672 - functions - INFO - Averaged weights achieved new best PPL: 164.0185
2026-05-28 19:39:14,293 - functions - INFO - Averaged weights achieved new best PPL: 163.5200
2026-05-28 19:39:28,022 - functions - INFO - Averaged weights achieved new best PPL: 163.0382
2026-05-28 19:39:41,763 - functions - INFO - Averaged weights achieved new best PPL: 162.5561
2026-05-28 19:39:55,503 - functions - INFO - Averaged weights achieved new best PPL: 162.0856
2026-05-28 19:40:09,116 - functions - INFO - Averaged weights achieved new best PPL: 161.6205
2026-05-28 19:40:22,781 - functions - INFO - Averaged weights achieved new best PPL: 161.1527
2026-05-28 19:41:03,865 - functions - INFO - Averaged weights achieved new best PPL: 159.8040
2026-05-28 19:43:21,258 - functions - INFO - [Final Test PPL: 146.2729]
2026-05-28 19:43:21,258 - functions - INFO - Losses and parameters saved to /home/disi/NLU-RS-Project/LM/part_B/results/part1b3/sweep_2026-05-28_17-41-52/hid_size=250_emb_size=400_emb_dropout=0.1_out_dropout=0.2_lr=0.1/losses.json
2026-05-28 19:43:21,435 - functions - INFO - Loss plot successfully generated and saved to /home/disi/NLU-RS-Project/LM/part_B/results/part1b3/sweep_2026-05-28_17-41-52/hid_size=250_emb_size=400_emb_dropout=0.1_out_dropout=0.2_lr=0.1/loss_plot.png
2026-05-28 19:43:21,437 - functions - INFO - [Memory before cleanup] Allocated: 70.81 MB, Reserved: 7658.00 MB
2026-05-28 19:43:21,662 - functions - INFO - [Memory after cleanup] Allocated: 34.42 MB, Reserved: 152.00 MB
2026-05-28 19:43:21,662 - functions - INFO - --------------------------------------------------
2026-05-28 19:43:21,670 - functions - INFO - 
--- Trial 9 ---
2026-05-28 19:43:21,670 - functions - INFO - Testing params for Non-monotonically Triggered AvSGD: {'n_epochs': 100, 'patience_value': 5, 'hid_size': 400, 'emb_size': 450, 'emb_dropout': 0.4, 'out_dropout': 0.2, 'optimizer': 'SGD', 'lr': 0.05, 'clip': 5.0, 'train_batch_size': 64, 'eval_batch_size': 128}
2026-05-28 20:05:45,959 - functions - INFO - [Final Test PPL: 198.0797]
2026-05-28 20:05:45,959 - functions - INFO - Losses and parameters saved to /home/disi/NLU-RS-Project/LM/part_B/results/part1b3/sweep_2026-05-28_17-41-52/hid_size=400_emb_size=450_emb_dropout=0.4_out_dropout=0.2_lr=0.05/losses.json
2026-05-28 20:05:46,123 - functions - INFO - Loss plot successfully generated and saved to /home/disi/NLU-RS-Project/LM/part_B/results/part1b3/sweep_2026-05-28_17-41-52/hid_size=400_emb_size=450_emb_dropout=0.4_out_dropout=0.2_lr=0.05/loss_plot.png
2026-05-28 20:05:46,126 - functions - INFO - [Memory before cleanup] Allocated: 86.38 MB, Reserved: 8668.00 MB
2026-05-28 20:05:46,368 - functions - INFO - [Memory after cleanup] Allocated: 40.19 MB, Reserved: 152.00 MB
2026-05-28 20:05:46,368 - functions - INFO - --------------------------------------------------
2026-05-28 20:05:46,379 - functions - INFO - 
--- Trial 10 ---
2026-05-28 20:05:46,380 - functions - INFO - Testing params for Non-monotonically Triggered AvSGD: {'n_epochs': 100, 'patience_value': 5, 'hid_size': 400, 'emb_size': 350, 'emb_dropout': 0.5, 'out_dropout': 0.5, 'optimizer': 'SGD', 'lr': 2.0, 'clip': 5.0, 'train_batch_size': 64, 'eval_batch_size': 128}
2026-05-28 20:14:20,395 - functions - INFO - Trigger activated at epoch 43. Starting weight averaging.
2026-05-28 20:14:35,019 - functions - INFO - Averaged weights achieved new best PPL: 94.4669
2026-05-28 20:14:49,128 - functions - INFO - Averaged weights achieved new best PPL: 94.0133
2026-05-28 20:15:03,258 - functions - INFO - Averaged weights achieved new best PPL: 93.7554
2026-05-28 20:15:17,368 - functions - INFO - Averaged weights achieved new best PPL: 93.5795
2026-05-28 20:15:31,479 - functions - INFO - Averaged weights achieved new best PPL: 93.4142
2026-05-28 20:15:45,600 - functions - INFO - Averaged weights achieved new best PPL: 93.2575
2026-05-28 20:15:59,710 - functions - INFO - Averaged weights achieved new best PPL: 93.1309
2026-05-28 20:16:13,830 - functions - INFO - Averaged weights achieved new best PPL: 93.0124
2026-05-28 20:16:27,919 - functions - INFO - Averaged weights achieved new best PPL: 92.8978
2026-05-28 20:16:42,000 - functions - INFO - Averaged weights achieved new best PPL: 92.7784
2026-05-28 20:16:56,239 - functions - INFO - Averaged weights achieved new best PPL: 92.6658
2026-05-28 20:17:10,414 - functions - INFO - Averaged weights achieved new best PPL: 92.5670
2026-05-28 20:17:24,587 - functions - INFO - Averaged weights achieved new best PPL: 92.4684
2026-05-28 20:17:38,712 - functions - INFO - Averaged weights achieved new best PPL: 92.3848
2026-05-28 20:17:52,897 - functions - INFO - Averaged weights achieved new best PPL: 92.3099
2026-05-28 20:18:07,054 - functions - INFO - Averaged weights achieved new best PPL: 92.2310
2026-05-28 20:18:21,157 - functions - INFO - Averaged weights achieved new best PPL: 92.1544
2026-05-28 20:18:35,185 - functions - INFO - Averaged weights achieved new best PPL: 92.0779
2026-05-28 20:18:49,306 - functions - INFO - Averaged weights achieved new best PPL: 92.0044
2026-05-28 20:19:03,451 - functions - INFO - Averaged weights achieved new best PPL: 91.9368
2026-05-28 20:19:17,545 - functions - INFO - Averaged weights achieved new best PPL: 91.8734
2026-05-28 20:19:31,704 - functions - INFO - Averaged weights achieved new best PPL: 91.8111
2026-05-28 20:19:45,891 - functions - INFO - Averaged weights achieved new best PPL: 91.7519
2026-05-28 20:20:00,037 - functions - INFO - Averaged weights achieved new best PPL: 91.6921
2026-05-28 20:20:14,202 - functions - INFO - Averaged weights achieved new best PPL: 91.6378
2026-05-28 20:20:28,313 - functions - INFO - Averaged weights achieved new best PPL: 91.5821
2026-05-28 20:20:42,513 - functions - INFO - Averaged weights achieved new best PPL: 91.5303
2026-05-28 20:20:56,649 - functions - INFO - Averaged weights achieved new best PPL: 91.4822
2026-05-28 20:21:10,756 - functions - INFO - Averaged weights achieved new best PPL: 91.4376
2026-05-28 20:21:24,958 - functions - INFO - Averaged weights achieved new best PPL: 91.3909
2026-05-28 20:21:39,055 - functions - INFO - Averaged weights achieved new best PPL: 91.3457
2026-05-28 20:21:53,160 - functions - INFO - Averaged weights achieved new best PPL: 91.3051
2026-05-28 20:22:07,283 - functions - INFO - Averaged weights achieved new best PPL: 91.2677
2026-05-28 20:22:21,474 - functions - INFO - Averaged weights achieved new best PPL: 91.2279
2026-05-28 20:22:35,585 - functions - INFO - Averaged weights achieved new best PPL: 91.1884
2026-05-28 20:22:49,743 - functions - INFO - Averaged weights achieved new best PPL: 91.1512
2026-05-28 20:23:03,843 - functions - INFO - Averaged weights achieved new best PPL: 91.1205
2026-05-28 20:23:18,037 - functions - INFO - Averaged weights achieved new best PPL: 91.0904
2026-05-28 20:23:32,204 - functions - INFO - Averaged weights achieved new best PPL: 91.0583
2026-05-28 20:23:46,364 - functions - INFO - Averaged weights achieved new best PPL: 91.0309
2026-05-28 20:24:00,499 - functions - INFO - Averaged weights achieved new best PPL: 91.0067
2026-05-28 20:24:14,597 - functions - INFO - Averaged weights achieved new best PPL: 90.9833
2026-05-28 20:24:28,617 - functions - INFO - Averaged weights achieved new best PPL: 90.9600
2026-05-28 20:24:42,824 - functions - INFO - Averaged weights achieved new best PPL: 90.9362
2026-05-28 20:24:57,024 - functions - INFO - Averaged weights achieved new best PPL: 90.9110
2026-05-28 20:25:11,138 - functions - INFO - Averaged weights achieved new best PPL: 90.8907
2026-05-28 20:25:25,297 - functions - INFO - Averaged weights achieved new best PPL: 90.8685
2026-05-28 20:25:39,413 - functions - INFO - Averaged weights achieved new best PPL: 90.8514
2026-05-28 20:25:53,521 - functions - INFO - Averaged weights achieved new best PPL: 90.8349
2026-05-28 20:26:07,648 - functions - INFO - Averaged weights achieved new best PPL: 90.8186
2026-05-28 20:26:21,739 - functions - INFO - Averaged weights achieved new best PPL: 90.8038
2026-05-28 20:26:35,868 - functions - INFO - Averaged weights achieved new best PPL: 90.7900
2026-05-28 20:26:49,875 - functions - INFO - Averaged weights achieved new best PPL: 90.7768
2026-05-28 20:27:03,975 - functions - INFO - Averaged weights achieved new best PPL: 90.7643
2026-05-28 20:27:18,087 - functions - INFO - Averaged weights achieved new best PPL: 90.7547
2026-05-28 20:27:32,181 - functions - INFO - Averaged weights achieved new best PPL: 90.7464
2026-05-28 20:27:46,366 - functions - INFO - Averaged weights achieved new best PPL: 90.7395
2026-05-28 20:27:46,870 - functions - INFO - [Final Test PPL: 87.6649]
2026-05-28 20:27:46,871 - functions - INFO - Losses and parameters saved to /home/disi/NLU-RS-Project/LM/part_B/results/part1b3/sweep_2026-05-28_17-41-52/hid_size=400_emb_size=350_emb_dropout=0.5_out_dropout=0.5_lr=2.0/losses.json
2026-05-28 20:27:47,040 - functions - INFO - Loss plot successfully generated and saved to /home/disi/NLU-RS-Project/LM/part_B/results/part1b3/sweep_2026-05-28_17-41-52/hid_size=400_emb_size=350_emb_dropout=0.5_out_dropout=0.5_lr=2.0/loss_plot.png
2026-05-28 20:27:47,041 - functions - INFO - 
New best model found! Saving files to /home/disi/NLU-RS-Project/LM/part_B/results/part1b3/sweep_2026-05-28_17-41-52/best_model...
2026-05-28 20:27:47,143 - functions - INFO - Model saved to /home/disi/NLU-RS-Project/LM/part_B/results/part1b3/sweep_2026-05-28_17-41-52/best_model/model.pt
2026-05-28 20:27:47,144 - functions - INFO - Losses and parameters saved to /home/disi/NLU-RS-Project/LM/part_B/results/part1b3/sweep_2026-05-28_17-41-52/best_model/losses.json
2026-05-28 20:27:47,313 - functions - INFO - Loss plot successfully generated and saved to /home/disi/NLU-RS-Project/LM/part_B/results/part1b3/sweep_2026-05-28_17-41-52/best_model/loss_plot.png
2026-05-28 20:27:47,313 - functions - INFO - [Memory before cleanup] Allocated: 73.02 MB, Reserved: 7912.00 MB
2026-05-28 20:27:47,561 - functions - INFO - [Memory after cleanup] Allocated: 35.65 MB, Reserved: 190.00 MB
2026-05-28 20:27:47,561 - functions - INFO - --------------------------------------------------
2026-05-28 20:27:47,567 - functions - INFO - 
--- Trial 11 ---
2026-05-28 20:27:47,567 - functions - INFO - Duplicate hyperparameters found: {'n_epochs': 100, 'patience_value': 5, 'hid_size': 400, 'emb_size': 350, 'emb_dropout': 0.5, 'out_dropout': 0.5, 'optimizer': 'SGD', 'lr': 2.0, 'clip': 5.0, 'train_batch_size': 64, 'eval_batch_size': 128}
2026-05-28 20:27:47,567 - functions - INFO - Rejecting this trial to force Optuna to explore new parameters
2026-05-28 20:27:47,574 - functions - INFO - 
--- Trial 12 ---
2026-05-28 20:27:47,574 - functions - INFO - Duplicate hyperparameters found: {'n_epochs': 100, 'patience_value': 5, 'hid_size': 400, 'emb_size': 350, 'emb_dropout': 0.5, 'out_dropout': 0.5, 'optimizer': 'SGD', 'lr': 2.0, 'clip': 5.0, 'train_batch_size': 64, 'eval_batch_size': 128}
2026-05-28 20:27:47,574 - functions - INFO - Rejecting this trial to force Optuna to explore new parameters
2026-05-28 20:27:47,579 - functions - INFO - 
--- Trial 13 ---
2026-05-28 20:27:47,580 - functions - INFO - Duplicate hyperparameters found: {'n_epochs': 100, 'patience_value': 5, 'hid_size': 400, 'emb_size': 350, 'emb_dropout': 0.5, 'out_dropout': 0.5, 'optimizer': 'SGD', 'lr': 2.0, 'clip': 5.0, 'train_batch_size': 64, 'eval_batch_size': 128}
2026-05-28 20:27:47,580 - functions - INFO - Rejecting this trial to force Optuna to explore new parameters
2026-05-28 20:27:47,590 - functions - INFO - 
--- Trial 14 ---
2026-05-28 20:27:47,591 - functions - INFO - Testing params for Non-monotonically Triggered AvSGD: {'n_epochs': 100, 'patience_value': 5, 'hid_size': 350, 'emb_size': 500, 'emb_dropout': 0.5, 'out_dropout': 0.1, 'optimizer': 'SGD', 'lr': 0.01, 'clip': 5.0, 'train_batch_size': 64, 'eval_batch_size': 128}
2026-05-28 20:50:23,255 - functions - INFO - [Final Test PPL: 541.5168]
2026-05-28 20:50:23,255 - functions - INFO - Losses and parameters saved to /home/disi/NLU-RS-Project/LM/part_B/results/part1b3/sweep_2026-05-28_17-41-52/hid_size=350_emb_size=500_emb_dropout=0.5_out_dropout=0.1_lr=0.01/losses.json
2026-05-28 20:50:23,415 - functions - INFO - Loss plot successfully generated and saved to /home/disi/NLU-RS-Project/LM/part_B/results/part1b3/sweep_2026-05-28_17-41-52/hid_size=350_emb_size=500_emb_dropout=0.5_out_dropout=0.1_lr=0.01/loss_plot.png
2026-05-28 20:50:23,416 - functions - INFO - [Memory before cleanup] Allocated: 89.25 MB, Reserved: 9440.00 MB
2026-05-28 20:50:23,645 - functions - INFO - [Memory after cleanup] Allocated: 40.58 MB, Reserved: 152.00 MB
2026-05-28 20:50:23,645 - functions - INFO - --------------------------------------------------
2026-05-28 20:50:23,656 - functions - INFO - 
--- Trial 15 ---
2026-05-28 20:50:23,656 - functions - INFO - Testing params for Non-monotonically Triggered AvSGD: {'n_epochs': 100, 'patience_value': 5, 'hid_size': 400, 'emb_size': 350, 'emb_dropout': 0.1, 'out_dropout': 0.3, 'optimizer': 'SGD', 'lr': 0.5, 'clip': 5.0, 'train_batch_size': 64, 'eval_batch_size': 128}
2026-05-28 21:00:56,326 - functions - INFO - Early stopping triggered.
2026-05-28 21:00:56,830 - functions - INFO - [Final Test PPL: 116.2513]
2026-05-28 21:00:56,831 - functions - INFO - Losses and parameters saved to /home/disi/NLU-RS-Project/LM/part_B/results/part1b3/sweep_2026-05-28_17-41-52/hid_size=400_emb_size=350_emb_dropout=0.1_out_dropout=0.3_lr=0.5/losses.json
2026-05-28 21:00:56,990 - functions - INFO - Loss plot successfully generated and saved to /home/disi/NLU-RS-Project/LM/part_B/results/part1b3/sweep_2026-05-28_17-41-52/hid_size=400_emb_size=350_emb_dropout=0.1_out_dropout=0.3_lr=0.5/loss_plot.png
2026-05-28 21:00:56,992 - functions - INFO - [Memory before cleanup] Allocated: 72.13 MB, Reserved: 11474.00 MB
2026-05-28 21:00:57,218 - functions - INFO - [Memory after cleanup] Allocated: 34.77 MB, Reserved: 152.00 MB
2026-05-28 21:00:57,218 - functions - INFO - --------------------------------------------------
2026-05-28 21:00:57,229 - functions - INFO - 
--- Trial 16 ---
2026-05-28 21:00:57,229 - functions - INFO - Testing params for Non-monotonically Triggered AvSGD: {'n_epochs': 100, 'patience_value': 5, 'hid_size': 400, 'emb_size': 450, 'emb_dropout': 0.3, 'out_dropout': 0.5, 'optimizer': 'SGD', 'lr': 2.0, 'clip': 5.0, 'train_batch_size': 64, 'eval_batch_size': 128}
2026-05-28 21:08:35,146 - functions - INFO - Trigger activated at epoch 34. Starting weight averaging.
2026-05-28 21:08:51,369 - functions - INFO - Averaged weights achieved new best PPL: 97.3893
2026-05-28 21:09:07,077 - functions - INFO - Averaged weights achieved new best PPL: 96.9535
2026-05-28 21:09:22,790 - functions - INFO - Averaged weights achieved new best PPL: 96.7571
2026-05-28 21:09:38,493 - functions - INFO - Averaged weights achieved new best PPL: 96.5946
2026-05-28 21:09:54,205 - functions - INFO - Averaged weights achieved new best PPL: 96.4835
2026-05-28 21:10:09,899 - functions - INFO - Averaged weights achieved new best PPL: 96.3897
2026-05-28 21:10:25,703 - functions - INFO - Averaged weights achieved new best PPL: 96.2970
2026-05-28 21:10:41,369 - functions - INFO - Averaged weights achieved new best PPL: 96.2324
2026-05-28 21:10:57,022 - functions - INFO - Averaged weights achieved new best PPL: 96.1699
2026-05-28 21:11:12,744 - functions - INFO - Averaged weights achieved new best PPL: 96.1159
2026-05-28 21:11:28,453 - functions - INFO - Averaged weights achieved new best PPL: 96.0691
2026-05-28 21:11:44,131 - functions - INFO - Averaged weights achieved new best PPL: 96.0303
2026-05-28 21:11:59,786 - functions - INFO - Averaged weights achieved new best PPL: 96.0010
2026-05-28 21:12:15,449 - functions - INFO - Averaged weights achieved new best PPL: 95.9853
2026-05-28 21:12:31,179 - functions - INFO - Averaged weights achieved new best PPL: 95.9829
2026-05-28 21:12:46,907 - functions - INFO - Averaged weights achieved new best PPL: 95.9679
2026-05-28 21:13:02,634 - functions - INFO - Averaged weights achieved new best PPL: 95.9676
2026-05-28 21:14:20,551 - functions - INFO - Early stopping triggered.
2026-05-28 21:14:21,092 - functions - INFO - [Final Test PPL: 92.7132]
2026-05-28 21:14:21,093 - functions - INFO - Losses and parameters saved to /home/disi/NLU-RS-Project/LM/part_B/results/part1b3/sweep_2026-05-28_17-41-52/hid_size=400_emb_size=450_emb_dropout=0.3_out_dropout=0.5_lr=2.0/losses.json
2026-05-28 21:14:21,261 - functions - INFO - Loss plot successfully generated and saved to /home/disi/NLU-RS-Project/LM/part_B/results/part1b3/sweep_2026-05-28_17-41-52/hid_size=400_emb_size=450_emb_dropout=0.3_out_dropout=0.5_lr=2.0/loss_plot.png
2026-05-28 21:14:21,262 - functions - INFO - [Memory before cleanup] Allocated: 86.38 MB, Reserved: 11378.00 MB
2026-05-28 21:14:21,490 - functions - INFO - [Memory after cleanup] Allocated: 39.35 MB, Reserved: 260.00 MB
2026-05-28 21:14:21,490 - functions - INFO - --------------------------------------------------
2026-05-28 21:14:21,497 - functions - INFO - 
--- Trial 17 ---
2026-05-28 21:14:21,497 - functions - INFO - Duplicate hyperparameters found: {'n_epochs': 100, 'patience_value': 5, 'hid_size': 400, 'emb_size': 450, 'emb_dropout': 0.5, 'out_dropout': 0.5, 'optimizer': 'SGD', 'lr': 2.0, 'clip': 5.0, 'train_batch_size': 64, 'eval_batch_size': 128}
2026-05-28 21:14:21,497 - functions - INFO - Rejecting this trial to force Optuna to explore new parameters
2026-05-28 21:14:21,508 - functions - INFO - 
--- Trial 18 ---
2026-05-28 21:14:21,508 - functions - INFO - Testing params for Non-monotonically Triggered AvSGD: {'n_epochs': 100, 'patience_value': 5, 'hid_size': 250, 'emb_size': 350, 'emb_dropout': 0.5, 'out_dropout': 0.5, 'optimizer': 'SGD', 'lr': 5.0, 'clip': 5.0, 'train_batch_size': 64, 'eval_batch_size': 128}
2026-05-28 21:15:48,787 - functions - INFO - Trigger activated at epoch 8. Starting weight averaging.
2026-05-28 21:15:48,788 - functions - INFO - Early stopping triggered.
2026-05-28 21:15:49,269 - functions - INFO - [Final Test PPL: 548583666488714408419081694042212270080.0000]
2026-05-28 21:15:49,269 - functions - INFO - Losses and parameters saved to /home/disi/NLU-RS-Project/LM/part_B/results/part1b3/sweep_2026-05-28_17-41-52/hid_size=250_emb_size=350_emb_dropout=0.5_out_dropout=0.5_lr=5.0/losses.json
2026-05-28 21:15:49,444 - functions - INFO - Loss plot successfully generated and saved to /home/disi/NLU-RS-Project/LM/part_B/results/part1b3/sweep_2026-05-28_17-41-52/hid_size=250_emb_size=350_emb_dropout=0.5_out_dropout=0.5_lr=5.0/loss_plot.png
2026-05-28 21:15:49,445 - functions - INFO - [Memory before cleanup] Allocated: 65.09 MB, Reserved: 10922.00 MB
2026-05-28 21:15:49,671 - functions - INFO - [Memory after cleanup] Allocated: 32.28 MB, Reserved: 288.00 MB
2026-05-28 21:15:49,671 - functions - INFO - --------------------------------------------------
2026-05-28 21:15:49,683 - functions - INFO - 
--- Trial 19 ---
2026-05-28 21:15:49,683 - functions - INFO - Testing params for Non-monotonically Triggered AvSGD: {'n_epochs': 100, 'patience_value': 5, 'hid_size': 200, 'emb_size': 400, 'emb_dropout': 0.5, 'out_dropout': 0.3, 'optimizer': 'SGD', 'lr': 0.01, 'clip': 5.0, 'train_batch_size': 64, 'eval_batch_size': 128}
2026-05-28 21:34:36,221 - functions - INFO - [Final Test PPL: 558.5537]
2026-05-28 21:34:36,222 - functions - INFO - Losses and parameters saved to /home/disi/NLU-RS-Project/LM/part_B/results/part1b3/sweep_2026-05-28_17-41-52/hid_size=200_emb_size=400_emb_dropout=0.5_out_dropout=0.3_lr=0.01/losses.json
2026-05-28 21:34:36,382 - functions - INFO - Loss plot successfully generated and saved to /home/disi/NLU-RS-Project/LM/part_B/results/part1b3/sweep_2026-05-28_17-41-52/hid_size=200_emb_size=400_emb_dropout=0.5_out_dropout=0.3_lr=0.01/loss_plot.png
2026-05-28 21:34:36,383 - functions - INFO - [Memory before cleanup] Allocated: 68.58 MB, Reserved: 7374.00 MB
2026-05-28 21:34:36,621 - functions - INFO - [Memory after cleanup] Allocated: 33.69 MB, Reserved: 138.00 MB
2026-05-28 21:34:36,621 - functions - INFO - --------------------------------------------------
2026-05-28 21:34:36,633 - functions - INFO - 
--- Trial 20 ---
2026-05-28 21:34:36,633 - functions - INFO - Testing params for Non-monotonically Triggered AvSGD: {'n_epochs': 100, 'patience_value': 5, 'hid_size': 350, 'emb_size': 350, 'emb_dropout': 0.1, 'out_dropout': 0.4, 'optimizer': 'SGD', 'lr': 3.0, 'clip': 5.0, 'train_batch_size': 64, 'eval_batch_size': 128}
2026-05-28 21:40:48,646 - functions - INFO - Trigger activated at epoch 32. Starting weight averaging.
2026-05-28 21:41:02,893 - functions - INFO - Averaged weights achieved new best PPL: 99.0855
2026-05-28 21:41:16,687 - functions - INFO - Averaged weights achieved new best PPL: 98.7629
2026-05-28 21:41:30,429 - functions - INFO - Averaged weights achieved new best PPL: 98.6261
2026-05-28 21:41:44,155 - functions - INFO - Averaged weights achieved new best PPL: 98.5344
2026-05-28 21:41:57,953 - functions - INFO - Averaged weights achieved new best PPL: 98.4692
2026-05-28 21:42:11,684 - functions - INFO - Averaged weights achieved new best PPL: 98.4369
2026-05-28 21:42:25,409 - functions - INFO - Averaged weights achieved new best PPL: 98.4150
2026-05-28 21:42:39,069 - functions - INFO - Averaged weights achieved new best PPL: 98.4032
2026-05-28 21:42:52,857 - functions - INFO - Averaged weights achieved new best PPL: 98.3923
2026-05-28 21:43:06,550 - functions - INFO - Averaged weights achieved new best PPL: 98.3835
2026-05-28 21:44:14,598 - functions - INFO - Early stopping triggered.
2026-05-28 21:44:15,112 - functions - INFO - [Final Test PPL: 95.8978]
2026-05-28 21:44:15,113 - functions - INFO - Losses and parameters saved to /home/disi/NLU-RS-Project/LM/part_B/results/part1b3/sweep_2026-05-28_17-41-52/hid_size=350_emb_size=350_emb_dropout=0.1_out_dropout=0.4_lr=3.0/losses.json
2026-05-28 21:44:15,278 - functions - INFO - Loss plot successfully generated and saved to /home/disi/NLU-RS-Project/LM/part_B/results/part1b3/sweep_2026-05-28_17-41-52/hid_size=350_emb_size=350_emb_dropout=0.1_out_dropout=0.4_lr=3.0/loss_plot.png
2026-05-28 21:44:15,280 - functions - INFO - [Memory before cleanup] Allocated: 68.01 MB, Reserved: 8276.00 MB
2026-05-28 21:44:15,514 - functions - INFO - [Memory after cleanup] Allocated: 33.39 MB, Reserved: 246.00 MB
2026-05-28 21:44:15,514 - functions - INFO - --------------------------------------------------
2026-05-28 21:44:15,522 - functions - INFO - 
--- Trial 21 ---
2026-05-28 21:44:15,522 - functions - INFO - Duplicate hyperparameters found: {'n_epochs': 100, 'patience_value': 5, 'hid_size': 300, 'emb_size': 300, 'emb_dropout': 0.2, 'out_dropout': 0.3, 'optimizer': 'SGD', 'lr': 3.0, 'clip': 5.0, 'train_batch_size': 64, 'eval_batch_size': 128}
2026-05-28 21:44:15,522 - functions - INFO - Rejecting this trial to force Optuna to explore new parameters
2026-05-28 21:44:15,529 - functions - INFO - 
--- Trial 22 ---
2026-05-28 21:44:15,529 - functions - INFO - Duplicate hyperparameters found: {'n_epochs': 100, 'patience_value': 5, 'hid_size': 300, 'emb_size': 300, 'emb_dropout': 0.2, 'out_dropout': 0.3, 'optimizer': 'SGD', 'lr': 3.0, 'clip': 5.0, 'train_batch_size': 64, 'eval_batch_size': 128}
2026-05-28 21:44:15,529 - functions - INFO - Rejecting this trial to force Optuna to explore new parameters
2026-05-28 21:44:15,541 - functions - INFO - 
--- Trial 23 ---
2026-05-28 21:44:15,541 - functions - INFO - Testing params for Non-monotonically Triggered AvSGD: {'n_epochs': 100, 'patience_value': 5, 'hid_size': 300, 'emb_size': 300, 'emb_dropout': 0.3, 'out_dropout': 0.3, 'optimizer': 'SGD', 'lr': 0.5, 'clip': 5.0, 'train_batch_size': 64, 'eval_batch_size': 128}
2026-05-28 22:01:58,543 - functions - INFO - [Final Test PPL: 115.9071]
2026-05-28 22:01:58,544 - functions - INFO - Losses and parameters saved to /home/disi/NLU-RS-Project/LM/part_B/results/part1b3/sweep_2026-05-28_17-41-52/hid_size=300_emb_size=300_emb_dropout=0.3_out_dropout=0.3_lr=0.5/losses.json
2026-05-28 22:01:58,705 - functions - INFO - Loss plot successfully generated and saved to /home/disi/NLU-RS-Project/LM/part_B/results/part1b3/sweep_2026-05-28_17-41-52/hid_size=300_emb_size=300_emb_dropout=0.3_out_dropout=0.3_lr=0.5/loss_plot.png
2026-05-28 22:01:58,707 - functions - INFO - [Memory before cleanup] Allocated: 58.97 MB, Reserved: 9710.00 MB
2026-05-28 22:01:58,935 - functions - INFO - [Memory after cleanup] Allocated: 30.49 MB, Reserved: 130.00 MB
2026-05-28 22:01:58,935 - functions - INFO - --------------------------------------------------
2026-05-28 22:01:58,947 - functions - INFO - 
--- Trial 24 ---
2026-05-28 22:01:58,948 - functions - INFO - Testing params for Non-monotonically Triggered AvSGD: {'n_epochs': 100, 'patience_value': 5, 'hid_size': 300, 'emb_size': 500, 'emb_dropout': 0.4, 'out_dropout': 0.1, 'optimizer': 'SGD', 'lr': 1.0, 'clip': 5.0, 'train_batch_size': 64, 'eval_batch_size': 128}
2026-05-28 22:09:59,617 - functions - INFO - Trigger activated at epoch 37. Starting weight averaging.
2026-05-28 22:10:15,398 - functions - INFO - Averaged weights achieved new best PPL: 101.3354
2026-05-28 22:10:30,612 - functions - INFO - Averaged weights achieved new best PPL: 100.9738
2026-05-28 22:10:45,873 - functions - INFO - Averaged weights achieved new best PPL: 100.8395
2026-05-28 22:11:01,134 - functions - INFO - Averaged weights achieved new best PPL: 100.7546
2026-05-28 22:11:16,424 - functions - INFO - Averaged weights achieved new best PPL: 100.7039
2026-05-28 22:11:31,659 - functions - INFO - Averaged weights achieved new best PPL: 100.6699
2026-05-28 22:11:46,886 - functions - INFO - Averaged weights achieved new best PPL: 100.6610
2026-05-28 22:13:02,571 - functions - INFO - Early stopping triggered.
2026-05-28 22:13:03,120 - functions - INFO - [Final Test PPL: 97.9919]
2026-05-28 22:13:03,120 - functions - INFO - Losses and parameters saved to /home/disi/NLU-RS-Project/LM/part_B/results/part1b3/sweep_2026-05-28_17-41-52/hid_size=300_emb_size=500_emb_dropout=0.4_out_dropout=0.1_lr=1.0/losses.json
2026-05-28 22:13:03,290 - functions - INFO - Loss plot successfully generated and saved to /home/disi/NLU-RS-Project/LM/part_B/results/part1b3/sweep_2026-05-28_17-41-52/hid_size=300_emb_size=500_emb_dropout=0.4_out_dropout=0.1_lr=1.0/loss_plot.png
2026-05-28 22:13:03,292 - functions - INFO - [Memory before cleanup] Allocated: 86.33 MB, Reserved: 9626.00 MB
2026-05-28 22:13:03,537 - functions - INFO - [Memory after cleanup] Allocated: 39.61 MB, Reserved: 152.00 MB
2026-05-28 22:13:03,537 - functions - INFO - --------------------------------------------------
2026-05-28 22:13:03,545 - functions - INFO - 
--- Trial 25 ---
2026-05-28 22:13:03,545 - functions - INFO - Duplicate hyperparameters found: {'n_epochs': 100, 'patience_value': 5, 'hid_size': 300, 'emb_size': 300, 'emb_dropout': 0.2, 'out_dropout': 0.3, 'optimizer': 'SGD', 'lr': 3.0, 'clip': 5.0, 'train_batch_size': 64, 'eval_batch_size': 128}
2026-05-28 22:13:03,545 - functions - INFO - Rejecting this trial to force Optuna to explore new parameters
2026-05-28 22:13:03,553 - functions - INFO - 
--- Trial 26 ---
2026-05-28 22:13:03,553 - functions - INFO - Duplicate hyperparameters found: {'n_epochs': 100, 'patience_value': 5, 'hid_size': 400, 'emb_size': 450, 'emb_dropout': 0.5, 'out_dropout': 0.5, 'optimizer': 'SGD', 'lr': 2.0, 'clip': 5.0, 'train_batch_size': 64, 'eval_batch_size': 128}
2026-05-28 22:13:03,553 - functions - INFO - Rejecting this trial to force Optuna to explore new parameters
2026-05-28 22:13:03,565 - functions - INFO - 
--- Trial 27 ---
2026-05-28 22:13:03,565 - functions - INFO - Testing params for Non-monotonically Triggered AvSGD: {'n_epochs': 100, 'patience_value': 5, 'hid_size': 400, 'emb_size': 300, 'emb_dropout': 0.5, 'out_dropout': 0.5, 'optimizer': 'SGD', 'lr': 2.0, 'clip': 5.0, 'train_batch_size': 64, 'eval_batch_size': 128}
2026-05-28 22:20:27,984 - functions - INFO - Trigger activated at epoch 39. Starting weight averaging.
2026-05-28 22:20:42,007 - functions - INFO - Averaged weights achieved new best PPL: 95.9757
2026-05-28 22:20:55,457 - functions - INFO - Averaged weights achieved new best PPL: 95.5430
2026-05-28 22:21:09,018 - functions - INFO - Averaged weights achieved new best PPL: 95.2637
2026-05-28 22:21:22,566 - functions - INFO - Averaged weights achieved new best PPL: 95.0253
2026-05-28 22:21:36,122 - functions - INFO - Averaged weights achieved new best PPL: 94.8234
2026-05-28 22:21:49,601 - functions - INFO - Averaged weights achieved new best PPL: 94.6453
2026-05-28 22:22:03,156 - functions - INFO - Averaged weights achieved new best PPL: 94.4774
2026-05-28 22:22:16,656 - functions - INFO - Averaged weights achieved new best PPL: 94.3092
2026-05-28 22:22:30,147 - functions - INFO - Averaged weights achieved new best PPL: 94.1555
2026-05-28 22:22:43,652 - functions - INFO - Averaged weights achieved new best PPL: 94.0092
2026-05-28 22:22:57,203 - functions - INFO - Averaged weights achieved new best PPL: 93.8724
2026-05-28 22:23:10,789 - functions - INFO - Averaged weights achieved new best PPL: 93.7400
2026-05-28 22:23:24,338 - functions - INFO - Averaged weights achieved new best PPL: 93.6222
2026-05-28 22:23:37,888 - functions - INFO - Averaged weights achieved new best PPL: 93.5044
2026-05-28 22:23:51,427 - functions - INFO - Averaged weights achieved new best PPL: 93.4016
2026-05-28 22:24:04,911 - functions - INFO - Averaged weights achieved new best PPL: 93.3017
2026-05-28 22:24:18,406 - functions - INFO - Averaged weights achieved new best PPL: 93.1938
2026-05-28 22:24:32,021 - functions - INFO - Averaged weights achieved new best PPL: 93.0881
2026-05-28 22:24:45,610 - functions - INFO - Averaged weights achieved new best PPL: 92.9859
2026-05-28 22:24:59,144 - functions - INFO - Averaged weights achieved new best PPL: 92.8992
2026-05-28 22:25:12,671 - functions - INFO - Averaged weights achieved new best PPL: 92.8095
2026-05-28 22:25:26,203 - functions - INFO - Averaged weights achieved new best PPL: 92.7226
2026-05-28 22:25:39,780 - functions - INFO - Averaged weights achieved new best PPL: 92.6373
2026-05-28 22:25:53,342 - functions - INFO - Averaged weights achieved new best PPL: 92.5576
2026-05-28 22:26:06,858 - functions - INFO - Averaged weights achieved new best PPL: 92.4827
2026-05-28 22:26:20,464 - functions - INFO - Averaged weights achieved new best PPL: 92.4092
2026-05-28 22:26:34,031 - functions - INFO - Averaged weights achieved new best PPL: 92.3428
2026-05-28 22:26:47,477 - functions - INFO - Averaged weights achieved new best PPL: 92.2774
2026-05-28 22:27:00,964 - functions - INFO - Averaged weights achieved new best PPL: 92.2145
2026-05-28 22:27:14,506 - functions - INFO - Averaged weights achieved new best PPL: 92.1533
2026-05-28 22:27:28,012 - functions - INFO - Averaged weights achieved new best PPL: 92.0943
2026-05-28 22:27:41,490 - functions - INFO - Averaged weights achieved new best PPL: 92.0350
2026-05-28 22:27:55,007 - functions - INFO - Averaged weights achieved new best PPL: 91.9805
2026-05-28 22:28:08,553 - functions - INFO - Averaged weights achieved new best PPL: 91.9238
2026-05-28 22:28:22,131 - functions - INFO - Averaged weights achieved new best PPL: 91.8722
2026-05-28 22:28:35,693 - functions - INFO - Averaged weights achieved new best PPL: 91.8223
2026-05-28 22:28:49,266 - functions - INFO - Averaged weights achieved new best PPL: 91.7713
2026-05-28 22:29:02,795 - functions - INFO - Averaged weights achieved new best PPL: 91.7191
2026-05-28 22:29:16,297 - functions - INFO - Averaged weights achieved new best PPL: 91.6721
2026-05-28 22:29:29,787 - functions - INFO - Averaged weights achieved new best PPL: 91.6289
2026-05-28 22:29:43,283 - functions - INFO - Averaged weights achieved new best PPL: 91.5850
2026-05-28 22:29:56,776 - functions - INFO - Averaged weights achieved new best PPL: 91.5413
2026-05-28 22:30:10,293 - functions - INFO - Averaged weights achieved new best PPL: 91.4988
2026-05-28 22:30:23,730 - functions - INFO - Averaged weights achieved new best PPL: 91.4587
2026-05-28 22:30:37,255 - functions - INFO - Averaged weights achieved new best PPL: 91.4236
2026-05-28 22:30:50,811 - functions - INFO - Averaged weights achieved new best PPL: 91.3875
2026-05-28 22:31:04,319 - functions - INFO - Averaged weights achieved new best PPL: 91.3560
2026-05-28 22:31:17,740 - functions - INFO - Averaged weights achieved new best PPL: 91.3282
2026-05-28 22:31:31,300 - functions - INFO - Averaged weights achieved new best PPL: 91.2979
2026-05-28 22:31:44,791 - functions - INFO - Averaged weights achieved new best PPL: 91.2689
2026-05-28 22:31:58,301 - functions - INFO - Averaged weights achieved new best PPL: 91.2407
2026-05-28 22:32:11,815 - functions - INFO - Averaged weights achieved new best PPL: 91.2148
2026-05-28 22:32:25,394 - functions - INFO - Averaged weights achieved new best PPL: 91.1892
2026-05-28 22:32:38,923 - functions - INFO - Averaged weights achieved new best PPL: 91.1650
2026-05-28 22:32:52,348 - functions - INFO - Averaged weights achieved new best PPL: 91.1418
2026-05-28 22:33:05,813 - functions - INFO - Averaged weights achieved new best PPL: 91.1186
2026-05-28 22:33:19,358 - functions - INFO - Averaged weights achieved new best PPL: 91.0956
2026-05-28 22:33:32,823 - functions - INFO - Averaged weights achieved new best PPL: 91.0762
2026-05-28 22:33:46,309 - functions - INFO - Averaged weights achieved new best PPL: 91.0582
2026-05-28 22:33:59,818 - functions - INFO - Averaged weights achieved new best PPL: 91.0437
2026-05-28 22:34:13,324 - functions - INFO - Averaged weights achieved new best PPL: 91.0282
2026-05-28 22:34:13,810 - functions - INFO - [Final Test PPL: 87.7023]
2026-05-28 22:34:13,810 - functions - INFO - Losses and parameters saved to /home/disi/NLU-RS-Project/LM/part_B/results/part1b3/sweep_2026-05-28_17-41-52/hid_size=400_emb_size=300_emb_dropout=0.5_out_dropout=0.5_lr=2.0/losses.json
2026-05-28 22:34:13,979 - functions - INFO - Loss plot successfully generated and saved to /home/disi/NLU-RS-Project/LM/part_B/results/part1b3/sweep_2026-05-28_17-41-52/hid_size=400_emb_size=300_emb_dropout=0.5_out_dropout=0.5_lr=2.0/loss_plot.png
2026-05-28 22:34:13,980 - functions - INFO - 
New best model found! Saving files to /home/disi/NLU-RS-Project/LM/part_B/results/part1b3/sweep_2026-05-28_17-41-52/best_model...
2026-05-28 22:34:14,063 - functions - INFO - Model saved to /home/disi/NLU-RS-Project/LM/part_B/results/part1b3/sweep_2026-05-28_17-41-52/best_model/model.pt
2026-05-28 22:34:14,063 - functions - INFO - Losses and parameters saved to /home/disi/NLU-RS-Project/LM/part_B/results/part1b3/sweep_2026-05-28_17-41-52/best_model/losses.json
2026-05-28 22:34:14,238 - functions - INFO - Loss plot successfully generated and saved to /home/disi/NLU-RS-Project/LM/part_B/results/part1b3/sweep_2026-05-28_17-41-52/best_model/loss_plot.png
2026-05-28 22:34:14,239 - functions - INFO - [Memory before cleanup] Allocated: 64.93 MB, Reserved: 9696.00 MB
2026-05-28 22:34:14,482 - functions - INFO - [Memory after cleanup] Allocated: 32.48 MB, Reserved: 292.00 MB
2026-05-28 22:34:14,483 - functions - INFO - --------------------------------------------------
2026-05-28 22:34:14,485 - functions - INFO - 
================ SWEEP COMPLETE ================
2026-05-28 22:34:14,485 - functions - INFO - Best hyperparameters found:
2026-05-28 22:34:14,485 - functions - INFO -   hid_size: 400
2026-05-28 22:34:14,485 - functions - INFO -   emb_size: 300
2026-05-28 22:34:14,485 - functions - INFO -   emb_dropout: 0.5
2026-05-28 22:34:14,485 - functions - INFO -   out_dropout: 0.5
2026-05-28 22:34:14,486 - functions - INFO -   lr: 2.0
2026-05-28 22:34:14,486 - functions - INFO - Best validation loss: 4.583397410853815
2026-05-28 22:34:14,486 - functions - INFO - Best model and plots have been saved to: /home/disi/NLU-RS-Project/LM/part_B/results/part1b3/sweep_2026-05-28_17-41-52/best_model
