[2026-05-26 13:00:14,751][__main__][INFO] - 
================ STARTING PIPELINE ================
[2026-05-26 13:00:15,513][functions][INFO] - 
================ EVALUATING PART ================
part=LSTM
hid_size=250
emb_size=350
emb_dropout=N/A
out_dropout=N/A
optimizer=SGD
lr=0.5
train_bs=64
eval_bs=128
=================================================
[2026-05-26 13:00:16,981][functions][INFO] - 
--- Loading Saved Model ---
[2026-05-26 13:00:17,023][functions][INFO] - Model loaded from C:\Users\rober\Desktop\NLU-RS-Project\LM\part_A\results\part1a1\best_model\model.pt
[2026-05-26 13:00:17,023][functions][INFO] - 
--- Evaluating Best Model ---
[2026-05-26 13:00:26,064][functions][INFO] - [Final Test PPL: 144.4077]
[2026-05-26 13:00:26,066][functions][INFO] - 
--- Displaying Loss Plot ---
[2026-05-26 13:00:26,066][functions][INFO] - Saved plot not found at: C:\Users\rober\Desktop\NLU-RS-Project\LM\part_A\results\part1a1\best_model\loss_plot.png
